<?xml version="1.0" encoding="UTF-8"?>
<testsuite xmlns:xsi="http://www.w3.org/2001/XMLSchema-instance" xsi:noNamespaceSchemaLocation="https://maven.apache.org/surefire/maven-surefire-plugin/xsd/surefire-test-report.xsd" name="com.cielo.desafio01.Desafio01ApplicationTests" time="1.074" tests="1" errors="1" skipped="0" failures="0">
  <properties>
    <property name="java.specification.version" value="17"/>
    <property name="sun.cpu.isalist" value="amd64"/>
    <property name="sun.jnu.encoding" value="Cp1252"/>
    <property name="java.class.path" value="C:\Users\LUCAS\DesafioAdaSemana1\Desafio01\target\test-classes;C:\Users\LUCAS\DesafioAdaSemana1\Desafio01\target\classes;C:\Users\LUCAS\.m2\repository\org\springframework\boot\spring-boot-starter-web\2.4.0\spring-boot-starter-web-2.4.0.jar;C:\Users\LUCAS\.m2\repository\org\springframework\boot\spring-boot-starter\3.0.1\spring-boot-starter-3.0.1.jar;C:\Users\LUCAS\.m2\repository\org\springframework\boot\spring-boot\3.0.1\spring-boot-3.0.1.jar;C:\Users\LUCAS\.m2\repository\org\springframework\boot\spring-boot-autoconfigure\3.0.1\spring-boot-autoconfigure-3.0.1.jar;C:\Users\LUCAS\.m2\repository\org\springframework\boot\spring-boot-starter-logging\3.0.1\spring-boot-starter-logging-3.0.1.jar;C:\Users\LUCAS\.m2\repository\ch\qos\logback\logback-classic\1.4.5\logback-classic-1.4.5.jar;C:\Users\LUCAS\.m2\repository\ch\qos\logback\logback-core\1.4.5\logback-core-1.4.5.jar;C:\Users\LUCAS\.m2\repository\org\apache\logging\log4j\log4j-to-slf4j\2.19.0\log4j-to-slf4j-2.19.0.jar;C:\Users\LUCAS\.m2\repository\org\apache\logging\log4j\log4j-api\2.19.0\log4j-api-2.19.0.jar;C:\Users\LUCAS\.m2\repository\org\slf4j\jul-to-slf4j\2.0.6\jul-to-slf4j-2.0.6.jar;C:\Users\LUCAS\.m2\repository\jakarta\annotation\jakarta.annotation-api\2.1.1\jakarta.annotation-api-2.1.1.jar;C:\Users\LUCAS\.m2\repository\org\yaml\snakeyaml\1.33\snakeyaml-1.33.jar;C:\Users\LUCAS\.m2\repository\org\springframework\boot\spring-boot-starter-json\3.0.1\spring-boot-starter-json-3.0.1.jar;C:\Users\LUCAS\.m2\repository\com\fasterxml\jackson\core\jackson-databind\2.14.1\jackson-databind-2.14.1.jar;C:\Users\LUCAS\.m2\repository\com\fasterxml\jackson\core\jackson-core\2.14.1\jackson-core-2.14.1.jar;C:\Users\LUCAS\.m2\repository\com\fasterxml\jackson\datatype\jackson-datatype-jdk8\2.14.1\jackson-datatype-jdk8-2.14.1.jar;C:\Users\LUCAS\.m2\repository\com\fasterxml\jackson\datatype\jackson-datatype-jsr310\2.14.1\jackson-datatype-jsr310-2.14.1.jar;C:\Users\LUCAS\.m2\repository\com\fasterxml\jackson\module\jackson-module-parameter-names\2.14.1\jackson-module-parameter-names-2.14.1.jar;C:\Users\LUCAS\.m2\repository\org\springframework\boot\spring-boot-starter-tomcat\3.0.1\spring-boot-starter-tomcat-3.0.1.jar;C:\Users\LUCAS\.m2\repository\org\apache\tomcat\embed\tomcat-embed-core\10.1.4\tomcat-embed-core-10.1.4.jar;C:\Users\LUCAS\.m2\repository\org\apache\tomcat\embed\tomcat-embed-el\10.1.4\tomcat-embed-el-10.1.4.jar;C:\Users\LUCAS\.m2\repository\org\apache\tomcat\embed\tomcat-embed-websocket\10.1.4\tomcat-embed-websocket-10.1.4.jar;C:\Users\LUCAS\.m2\repository\org\springframework\spring-web\6.0.3\spring-web-6.0.3.jar;C:\Users\LUCAS\.m2\repository\io\micrometer\micrometer-observation\1.10.2\micrometer-observation-1.10.2.jar;C:\Users\LUCAS\.m2\repository\io\micrometer\micrometer-commons\1.10.2\micrometer-commons-1.10.2.jar;C:\Users\LUCAS\.m2\repository\org\springframework\spring-webmvc\6.0.3\spring-webmvc-6.0.3.jar;C:\Users\LUCAS\.m2\repository\org\springframework\spring-aop\6.0.3\spring-aop-6.0.3.jar;C:\Users\LUCAS\.m2\repository\org\springframework\spring-context\6.0.3\spring-context-6.0.3.jar;C:\Users\LUCAS\.m2\repository\org\springframework\spring-expression\6.0.3\spring-expression-6.0.3.jar;C:\Users\LUCAS\.m2\repository\org\springframework\boot\spring-boot-starter-test\3.0.1\spring-boot-starter-test-3.0.1.jar;C:\Users\LUCAS\.m2\repository\org\springframework\boot\spring-boot-test\3.0.1\spring-boot-test-3.0.1.jar;C:\Users\LUCAS\.m2\repository\org\springframework\boot\spring-boot-test-autoconfigure\3.0.1\spring-boot-test-autoconfigure-3.0.1.jar;C:\Users\LUCAS\.m2\repository\com\jayway\jsonpath\json-path\2.7.0\json-path-2.7.0.jar;C:\Users\LUCAS\.m2\repository\net\minidev\json-smart\2.4.8\json-smart-2.4.8.jar;C:\Users\LUCAS\.m2\repository\net\minidev\accessors-smart\2.4.8\accessors-smart-2.4.8.jar;C:\Users\LUCAS\.m2\repository\org\ow2\asm\asm\9.1\asm-9.1.jar;C:\Users\LUCAS\.m2\repository\jakarta\xml\bind\jakarta.xml.bind-api\4.0.0\jakarta.xml.bind-api-4.0.0.jar;C:\Users\LUCAS\.m2\repository\jakarta\activation\jakarta.activation-api\2.1.0\jakarta.activation-api-2.1.0.jar;C:\Users\LUCAS\.m2\repository\org\assertj\assertj-core\3.23.1\assertj-core-3.23.1.jar;C:\Users\LUCAS\.m2\repository\net\bytebuddy\byte-buddy\1.12.20\byte-buddy-1.12.20.jar;C:\Users\LUCAS\.m2\repository\org\hamcrest\hamcrest\2.2\hamcrest-2.2.jar;C:\Users\LUCAS\.m2\repository\org\junit\jupiter\junit-jupiter\5.9.1\junit-jupiter-5.9.1.jar;C:\Users\LUCAS\.m2\repository\org\junit\jupiter\junit-jupiter-api\5.9.1\junit-jupiter-api-5.9.1.jar;C:\Users\LUCAS\.m2\repository\org\opentest4j\opentest4j\1.2.0\opentest4j-1.2.0.jar;C:\Users\LUCAS\.m2\repository\org\junit\platform\junit-platform-commons\1.9.1\junit-platform-commons-1.9.1.jar;C:\Users\LUCAS\.m2\repository\org\apiguardian\apiguardian-api\1.1.2\apiguardian-api-1.1.2.jar;C:\Users\LUCAS\.m2\repository\org\junit\jupiter\junit-jupiter-params\5.9.1\junit-jupiter-params-5.9.1.jar;C:\Users\LUCAS\.m2\repository\org\junit\jupiter\junit-jupiter-engine\5.9.1\junit-jupiter-engine-5.9.1.jar;C:\Users\LUCAS\.m2\repository\org\junit\platform\junit-platform-engine\1.9.1\junit-platform-engine-1.9.1.jar;C:\Users\LUCAS\.m2\repository\org\mockito\mockito-core\4.8.1\mockito-core-4.8.1.jar;C:\Users\LUCAS\.m2\repository\net\bytebuddy\byte-buddy-agent\1.12.20\byte-buddy-agent-1.12.20.jar;C:\Users\LUCAS\.m2\repository\org\objenesis\objenesis\3.2\objenesis-3.2.jar;C:\Users\LUCAS\.m2\repository\org\mockito\mockito-junit-jupiter\4.8.1\mockito-junit-jupiter-4.8.1.jar;C:\Users\LUCAS\.m2\repository\org\skyscreamer\jsonassert\1.5.1\jsonassert-1.5.1.jar;C:\Users\LUCAS\.m2\repository\com\vaadin\external\google\android-json\0.0.20131108.vaadin1\android-json-0.0.20131108.vaadin1.jar;C:\Users\LUCAS\.m2\repository\org\springframework\spring-core\6.0.3\spring-core-6.0.3.jar;C:\Users\LUCAS\.m2\repository\org\springframework\spring-jcl\6.0.3\spring-jcl-6.0.3.jar;C:\Users\LUCAS\.m2\repository\org\springframework\spring-test\6.0.3\spring-test-6.0.3.jar;C:\Users\LUCAS\.m2\repository\org\xmlunit\xmlunit-core\2.9.0\xmlunit-core-2.9.0.jar;C:\Users\LUCAS\.m2\repository\org\springframework\spring-jms\6.0.3\spring-jms-6.0.3.jar;C:\Users\LUCAS\.m2\repository\org\springframework\spring-beans\6.0.3\spring-beans-6.0.3.jar;C:\Users\LUCAS\.m2\repository\org\springframework\spring-messaging\6.0.3\spring-messaging-6.0.3.jar;C:\Users\LUCAS\.m2\repository\org\springframework\spring-tx\6.0.3\spring-tx-6.0.3.jar;C:\Users\LUCAS\.m2\repository\software\amazon\awssdk\aws-sdk-java\2.20.150\aws-sdk-java-2.20.150.jar;C:\Users\LUCAS\.m2\repository\software\amazon\awssdk\acm\2.20.150\acm-2.20.150.jar;C:\Users\LUCAS\.m2\repository\software\amazon\awssdk\aws-json-protocol\2.20.150\aws-json-protocol-2.20.150.jar;C:\Users\LUCAS\.m2\repository\software\amazon\awssdk\acmpca\2.20.150\acmpca-2.20.150.jar;C:\Users\LUCAS\.m2\repository\software\amazon\awssdk\alexaforbusiness\2.20.150\alexaforbusiness-2.20.150.jar;C:\Users\LUCAS\.m2\repository\software\amazon\awssdk\amplify\2.20.150\amplify-2.20.150.jar;C:\Users\LUCAS\.m2\repository\software\amazon\awssdk\apigateway\2.20.150\apigateway-2.20.150.jar;C:\Users\LUCAS\.m2\repository\software\amazon\awssdk\apigatewaymanagementapi\2.20.150\apigatewaymanagementapi-2.20.150.jar;C:\Users\LUCAS\.m2\repository\software\amazon\awssdk\apigatewayv2\2.20.150\apigatewayv2-2.20.150.jar;C:\Users\LUCAS\.m2\repository\software\amazon\awssdk\applicationautoscaling\2.20.150\applicationautoscaling-2.20.150.jar;C:\Users\LUCAS\.m2\repository\software\amazon\awssdk\applicationdiscovery\2.20.150\applicationdiscovery-2.20.150.jar;C:\Users\LUCAS\.m2\repository\software\amazon\awssdk\appmesh\2.20.150\appmesh-2.20.150.jar;C:\Users\LUCAS\.m2\repository\software\amazon\awssdk\appstream\2.20.150\appstream-2.20.150.jar;C:\Users\LUCAS\.m2\repository\software\amazon\awssdk\appsync\2.20.150\appsync-2.20.150.jar;C:\Users\LUCAS\.m2\repository\software\amazon\awssdk\athena\2.20.150\athena-2.20.150.jar;C:\Users\LUCAS\.m2\repository\software\amazon\awssdk\autoscaling\2.20.150\autoscaling-2.20.150.jar;C:\Users\LUCAS\.m2\repository\software\amazon\awssdk\autoscalingplans\2.20.150\autoscalingplans-2.20.150.jar;C:\Users\LUCAS\.m2\repository\software\amazon\awssdk\backup\2.20.150\backup-2.20.150.jar;C:\Users\LUCAS\.m2\repository\software\amazon\awssdk\batch\2.20.150\batch-2.20.150.jar;C:\Users\LUCAS\.m2\repository\software\amazon\awssdk\budgets\2.20.150\budgets-2.20.150.jar;C:\Users\LUCAS\.m2\repository\software\amazon\awssdk\chime\2.20.150\chime-2.20.150.jar;C:\Users\LUCAS\.m2\repository\software\amazon\awssdk\cloud9\2.20.150\cloud9-2.20.150.jar;C:\Users\LUCAS\.m2\repository\software\amazon\awssdk\clouddirectory\2.20.150\clouddirectory-2.20.150.jar;C:\Users\LUCAS\.m2\repository\software\amazon\awssdk\cloudformation\2.20.150\cloudformation-2.20.150.jar;C:\Users\LUCAS\.m2\repository\software\amazon\awssdk\cloudfront\2.20.150\cloudfront-2.20.150.jar;C:\Users\LUCAS\.m2\repository\software\amazon\awssdk\aws-xml-protocol\2.20.150\aws-xml-protocol-2.20.150.jar;C:\Users\LUCAS\.m2\repository\software\amazon\awssdk\cloudhsm\2.20.150\cloudhsm-2.20.150.jar;C:\Users\LUCAS\.m2\repository\software\amazon\awssdk\cloudhsmv2\2.20.150\cloudhsmv2-2.20.150.jar;C:\Users\LUCAS\.m2\repository\software\amazon\awssdk\cloudsearch\2.20.150\cloudsearch-2.20.150.jar;C:\Users\LUCAS\.m2\repository\software\amazon\awssdk\cloudsearchdomain\2.20.150\cloudsearchdomain-2.20.150.jar;C:\Users\LUCAS\.m2\repository\software\amazon\awssdk\cloudtrail\2.20.150\cloudtrail-2.20.150.jar;C:\Users\LUCAS\.m2\repository\software\amazon\awssdk\cloudwatch\2.20.150\cloudwatch-2.20.150.jar;C:\Users\LUCAS\.m2\repository\software\amazon\awssdk\cloudwatchevents\2.20.150\cloudwatchevents-2.20.150.jar;C:\Users\LUCAS\.m2\repository\software\amazon\awssdk\cloudwatchlogs\2.20.150\cloudwatchlogs-2.20.150.jar;C:\Users\LUCAS\.m2\repository\software\amazon\awssdk\codebuild\2.20.150\codebuild-2.20.150.jar;C:\Users\LUCAS\.m2\repository\software\amazon\awssdk\codecommit\2.20.150\codecommit-2.20.150.jar;C:\Users\LUCAS\.m2\repository\software\amazon\awssdk\codedeploy\2.20.150\codedeploy-2.20.150.jar;C:\Users\LUCAS\.m2\repository\software\amazon\awssdk\codepipeline\2.20.150\codepipeline-2.20.150.jar;C:\Users\LUCAS\.m2\repository\software\amazon\awssdk\codestar\2.20.150\codestar-2.20.150.jar;C:\Users\LUCAS\.m2\repository\software\amazon\awssdk\cognitoidentity\2.20.150\cognitoidentity-2.20.150.jar;C:\Users\LUCAS\.m2\repository\software\amazon\awssdk\cognitoidentityprovider\2.20.150\cognitoidentityprovider-2.20.150.jar;C:\Users\LUCAS\.m2\repository\software\amazon\awssdk\cognitosync\2.20.150\cognitosync-2.20.150.jar;C:\Users\LUCAS\.m2\repository\software\amazon\awssdk\comprehend\2.20.150\comprehend-2.20.150.jar;C:\Users\LUCAS\.m2\repository\software\amazon\awssdk\comprehendmedical\2.20.150\comprehendmedical-2.20.150.jar;C:\Users\LUCAS\.m2\repository\software\amazon\awssdk\config\2.20.150\config-2.20.150.jar;C:\Users\LUCAS\.m2\repository\software\amazon\awssdk\connect\2.20.150\connect-2.20.150.jar;C:\Users\LUCAS\.m2\repository\software\amazon\awssdk\costandusagereport\2.20.150\costandusagereport-2.20.150.jar;C:\Users\LUCAS\.m2\repository\software\amazon\awssdk\costexplorer\2.20.150\costexplorer-2.20.150.jar;C:\Users\LUCAS\.m2\repository\software\amazon\awssdk\databasemigration\2.20.150\databasemigration-2.20.150.jar;C:\Users\LUCAS\.m2\repository\software\amazon\awssdk\datapipeline\2.20.150\datapipeline-2.20.150.jar;C:\Users\LUCAS\.m2\repository\software\amazon\awssdk\datasync\2.20.150\datasync-2.20.150.jar;C:\Users\LUCAS\.m2\repository\software\amazon\awssdk\dax\2.20.150\dax-2.20.150.jar;C:\Users\LUCAS\.m2\repository\software\amazon\awssdk\devicefarm\2.20.150\devicefarm-2.20.150.jar;C:\Users\LUCAS\.m2\repository\software\amazon\awssdk\directconnect\2.20.150\directconnect-2.20.150.jar;C:\Users\LUCAS\.m2\repository\software\amazon\awssdk\directory\2.20.150\directory-2.20.150.jar;C:\Users\LUCAS\.m2\repository\software\amazon\awssdk\dlm\2.20.150\dlm-2.20.150.jar;C:\Users\LUCAS\.m2\repository\software\amazon\awssdk\docdb\2.20.150\docdb-2.20.150.jar;C:\Users\LUCAS\.m2\repository\software\amazon\awssdk\profiles\2.20.150\profiles-2.20.150.jar;C:\Users\LUCAS\.m2\repository\software\amazon\awssdk\dynamodb\2.20.150\dynamodb-2.20.150.jar;C:\Users\LUCAS\.m2\repository\software\amazon\awssdk\ec2\2.20.150\ec2-2.20.150.jar;C:\Users\LUCAS\.m2\repository\software\amazon\awssdk\ecr\2.20.150\ecr-2.20.150.jar;C:\Users\LUCAS\.m2\repository\software\amazon\awssdk\ecs\2.20.150\ecs-2.20.150.jar;C:\Users\LUCAS\.m2\repository\software\amazon\awssdk\efs\2.20.150\efs-2.20.150.jar;C:\Users\LUCAS\.m2\repository\software\amazon\awssdk\eks\2.20.150\eks-2.20.150.jar;C:\Users\LUCAS\.m2\repository\software\amazon\awssdk\elasticache\2.20.150\elasticache-2.20.150.jar;C:\Users\LUCAS\.m2\repository\software\amazon\awssdk\elasticbeanstalk\2.20.150\elasticbeanstalk-2.20.150.jar;C:\Users\LUCAS\.m2\repository\software\amazon\awssdk\elasticloadbalancing\2.20.150\elasticloadbalancing-2.20.150.jar;C:\Users\LUCAS\.m2\repository\software\amazon\awssdk\elasticloadbalancingv2\2.20.150\elasticloadbalancingv2-2.20.150.jar;C:\Users\LUCAS\.m2\repository\software\amazon\awssdk\elasticsearch\2.20.150\elasticsearch-2.20.150.jar;C:\Users\LUCAS\.m2\repository\software\amazon\awssdk\elastictranscoder\2.20.150\elastictranscoder-2.20.150.jar;C:\Users\LUCAS\.m2\repository\software\amazon\awssdk\emr\2.20.150\emr-2.20.150.jar;C:\Users\LUCAS\.m2\repository\software\amazon\awssdk\firehose\2.20.150\firehose-2.20.150.jar;C:\Users\LUCAS\.m2\repository\software\amazon\awssdk\fms\2.20.150\fms-2.20.150.jar;C:\Users\LUCAS\.m2\repository\software\amazon\awssdk\fsx\2.20.150\fsx-2.20.150.jar;C:\Users\LUCAS\.m2\repository\software\amazon\awssdk\gamelift\2.20.150\gamelift-2.20.150.jar;C:\Users\LUCAS\.m2\repository\software\amazon\awssdk\glacier\2.20.150\glacier-2.20.150.jar;C:\Users\LUCAS\.m2\repository\software\amazon\awssdk\globalaccelerator\2.20.150\globalaccelerator-2.20.150.jar;C:\Users\LUCAS\.m2\repository\software\amazon\awssdk\glue\2.20.150\glue-2.20.150.jar;C:\Users\LUCAS\.m2\repository\software\amazon\awssdk\greengrass\2.20.150\greengrass-2.20.150.jar;C:\Users\LUCAS\.m2\repository\software\amazon\awssdk\guardduty\2.20.150\guardduty-2.20.150.jar;C:\Users\LUCAS\.m2\repository\software\amazon\awssdk\health\2.20.150\health-2.20.150.jar;C:\Users\LUCAS\.m2\repository\software\amazon\awssdk\iam\2.20.150\iam-2.20.150.jar;C:\Users\LUCAS\.m2\repository\software\amazon\awssdk\iam-policy-builder\2.20.150\iam-policy-builder-2.20.150.jar;C:\Users\LUCAS\.m2\repository\software\amazon\awssdk\third-party-jackson-core\2.20.150\third-party-jackson-core-2.20.150.jar;C:\Users\LUCAS\.m2\repository\software\amazon\awssdk\inspector\2.20.150\inspector-2.20.150.jar;C:\Users\LUCAS\.m2\repository\software\amazon\awssdk\iot\2.20.150\iot-2.20.150.jar;C:\Users\LUCAS\.m2\repository\software\amazon\awssdk\iot1clickdevices\2.20.150\iot1clickdevices-2.20.150.jar;C:\Users\LUCAS\.m2\repository\software\amazon\awssdk\iot1clickprojects\2.20.150\iot1clickprojects-2.20.150.jar;C:\Users\LUCAS\.m2\repository\software\amazon\awssdk\iotanalytics\2.20.150\iotanalytics-2.20.150.jar;C:\Users\LUCAS\.m2\repository\software\amazon\awssdk\iotdataplane\2.20.150\iotdataplane-2.20.150.jar;C:\Users\LUCAS\.m2\repository\software\amazon\awssdk\iotjobsdataplane\2.20.150\iotjobsdataplane-2.20.150.jar;C:\Users\LUCAS\.m2\repository\software\amazon\awssdk\kafka\2.20.150\kafka-2.20.150.jar;C:\Users\LUCAS\.m2\repository\software\amazon\awssdk\kinesis\2.20.150\kinesis-2.20.150.jar;C:\Users\LUCAS\.m2\repository\software\amazon\awssdk\aws-cbor-protocol\2.20.150\aws-cbor-protocol-2.20.150.jar;C:\Users\LUCAS\.m2\repository\software\amazon\awssdk\third-party-jackson-dataformat-cbor\2.20.150\third-party-jackson-dataformat-cbor-2.20.150.jar;C:\Users\LUCAS\.m2\repository\software\amazon\awssdk\kinesisanalytics\2.20.150\kinesisanalytics-2.20.150.jar;C:\Users\LUCAS\.m2\repository\software\amazon\awssdk\kinesisanalyticsv2\2.20.150\kinesisanalyticsv2-2.20.150.jar;C:\Users\LUCAS\.m2\repository\software\amazon\awssdk\kinesisvideo\2.20.150\kinesisvideo-2.20.150.jar;C:\Users\LUCAS\.m2\repository\software\amazon\awssdk\kinesisvideoarchivedmedia\2.20.150\kinesisvideoarchivedmedia-2.20.150.jar;C:\Users\LUCAS\.m2\repository\software\amazon\awssdk\kinesisvideomedia\2.20.150\kinesisvideomedia-2.20.150.jar;C:\Users\LUCAS\.m2\repository\software\amazon\awssdk\kms\2.20.150\kms-2.20.150.jar;C:\Users\LUCAS\.m2\repository\software\amazon\awssdk\lambda\2.20.150\lambda-2.20.150.jar;C:\Users\LUCAS\.m2\repository\software\amazon\awssdk\lexmodelbuilding\2.20.150\lexmodelbuilding-2.20.150.jar;C:\Users\LUCAS\.m2\repository\software\amazon\awssdk\lexruntime\2.20.150\lexruntime-2.20.150.jar;C:\Users\LUCAS\.m2\repository\software\amazon\awssdk\licensemanager\2.20.150\licensemanager-2.20.150.jar;C:\Users\LUCAS\.m2\repository\software\amazon\awssdk\lightsail\2.20.150\lightsail-2.20.150.jar;C:\Users\LUCAS\.m2\repository\software\amazon\awssdk\machinelearning\2.20.150\machinelearning-2.20.150.jar;C:\Users\LUCAS\.m2\repository\software\amazon\awssdk\macie\2.20.150\macie-2.20.150.jar;C:\Users\LUCAS\.m2\repository\software\amazon\awssdk\managedblockchain\2.20.150\managedblockchain-2.20.150.jar;C:\Users\LUCAS\.m2\repository\software\amazon\awssdk\marketplacecommerceanalytics\2.20.150\marketplacecommerceanalytics-2.20.150.jar;C:\Users\LUCAS\.m2\repository\software\amazon\awssdk\marketplaceentitlement\2.20.150\marketplaceentitlement-2.20.150.jar;C:\Users\LUCAS\.m2\repository\software\amazon\awssdk\marketplacemetering\2.20.150\marketplacemetering-2.20.150.jar;C:\Users\LUCAS\.m2\repository\software\amazon\awssdk\mediaconnect\2.20.150\mediaconnect-2.20.150.jar;C:\Users\LUCAS\.m2\repository\software\amazon\awssdk\mediaconvert\2.20.150\mediaconvert-2.20.150.jar;C:\Users\LUCAS\.m2\repository\software\amazon\awssdk\medialive\2.20.150\medialive-2.20.150.jar;C:\Users\LUCAS\.m2\repository\software\amazon\awssdk\mediapackage\2.20.150\mediapackage-2.20.150.jar;C:\Users\LUCAS\.m2\repository\software\amazon\awssdk\mediapackagevod\2.20.150\mediapackagevod-2.20.150.jar;C:\Users\LUCAS\.m2\repository\software\amazon\awssdk\mediastore\2.20.150\mediastore-2.20.150.jar;C:\Users\LUCAS\.m2\repository\software\amazon\awssdk\mediastoredata\2.20.150\mediastoredata-2.20.150.jar;C:\Users\LUCAS\.m2\repository\software\amazon\awssdk\mediatailor\2.20.150\mediatailor-2.20.150.jar;C:\Users\LUCAS\.m2\repository\software\amazon\awssdk\migrationhub\2.20.150\migrationhub-2.20.150.jar;C:\Users\LUCAS\.m2\repository\software\amazon\awssdk\mobile\2.20.150\mobile-2.20.150.jar;C:\Users\LUCAS\.m2\repository\software\amazon\awssdk\mq\2.20.150\mq-2.20.150.jar;C:\Users\LUCAS\.m2\repository\software\amazon\awssdk\mturk\2.20.150\mturk-2.20.150.jar;C:\Users\LUCAS\.m2\repository\software\amazon\awssdk\neptune\2.20.150\neptune-2.20.150.jar;C:\Users\LUCAS\.m2\repository\software\amazon\awssdk\opsworks\2.20.150\opsworks-2.20.150.jar;C:\Users\LUCAS\.m2\repository\software\amazon\awssdk\opsworkscm\2.20.150\opsworkscm-2.20.150.jar;C:\Users\LUCAS\.m2\repository\software\amazon\awssdk\organizations\2.20.150\organizations-2.20.150.jar;C:\Users\LUCAS\.m2\repository\software\amazon\awssdk\pi\2.20.150\pi-2.20.150.jar;C:\Users\LUCAS\.m2\repository\software\amazon\awssdk\pinpoint\2.20.150\pinpoint-2.20.150.jar;C:\Users\LUCAS\.m2\repository\software\amazon\awssdk\pinpointemail\2.20.150\pinpointemail-2.20.150.jar;C:\Users\LUCAS\.m2\repository\software\amazon\awssdk\pinpointsmsvoice\2.20.150\pinpointsmsvoice-2.20.150.jar;C:\Users\LUCAS\.m2\repository\software\amazon\awssdk\polly\2.20.150\polly-2.20.150.jar;C:\Users\LUCAS\.m2\repository\software\amazon\awssdk\pricing\2.20.150\pricing-2.20.150.jar;C:\Users\LUCAS\.m2\repository\software\amazon\awssdk\quicksight\2.20.150\quicksight-2.20.150.jar;C:\Users\LUCAS\.m2\repository\software\amazon\awssdk\ram\2.20.150\ram-2.20.150.jar;C:\Users\LUCAS\.m2\repository\software\amazon\awssdk\rds\2.20.150\rds-2.20.150.jar;C:\Users\LUCAS\.m2\repository\software\amazon\awssdk\rdsdata\2.20.150\rdsdata-2.20.150.jar;C:\Users\LUCAS\.m2\repository\software\amazon\awssdk\redshift\2.20.150\redshift-2.20.150.jar;C:\Users\LUCAS\.m2\repository\software\amazon\awssdk\rekognition\2.20.150\rekognition-2.20.150.jar;C:\Users\LUCAS\.m2\repository\software\amazon\awssdk\resourcegroups\2.20.150\resourcegroups-2.20.150.jar;C:\Users\LUCAS\.m2\repository\software\amazon\awssdk\resourcegroupstaggingapi\2.20.150\resourcegroupstaggingapi-2.20.150.jar;C:\Users\LUCAS\.m2\repository\software\amazon\awssdk\robomaker\2.20.150\robomaker-2.20.150.jar;C:\Users\LUCAS\.m2\repository\software\amazon\awssdk\route53\2.20.150\route53-2.20.150.jar;C:\Users\LUCAS\.m2\repository\software\amazon\awssdk\route53domains\2.20.150\route53domains-2.20.150.jar;C:\Users\LUCAS\.m2\repository\software\amazon\awssdk\route53resolver\2.20.150\route53resolver-2.20.150.jar;C:\Users\LUCAS\.m2\repository\software\amazon\awssdk\s3\2.20.150\s3-2.20.150.jar;C:\Users\LUCAS\.m2\repository\software\amazon\awssdk\arns\2.20.150\arns-2.20.150.jar;C:\Users\LUCAS\.m2\repository\software\amazon\awssdk\crt-core\2.20.150\crt-core-2.20.150.jar;C:\Users\LUCAS\.m2\repository\software\amazon\awssdk\s3control\2.20.150\s3control-2.20.150.jar;C:\Users\LUCAS\.m2\repository\software\amazon\awssdk\s3-transfer-manager\2.20.150\s3-transfer-manager-2.20.150.jar;C:\Users\LUCAS\.m2\repository\software\amazon\awssdk\sagemaker\2.20.150\sagemaker-2.20.150.jar;C:\Users\LUCAS\.m2\repository\software\amazon\awssdk\sagemakerruntime\2.20.150\sagemakerruntime-2.20.150.jar;C:\Users\LUCAS\.m2\repository\software\amazon\awssdk\secretsmanager\2.20.150\secretsmanager-2.20.150.jar;C:\Users\LUCAS\.m2\repository\software\amazon\awssdk\securityhub\2.20.150\securityhub-2.20.150.jar;C:\Users\LUCAS\.m2\repository\software\amazon\awssdk\serverlessapplicationrepository\2.20.150\serverlessapplicationrepository-2.20.150.jar;C:\Users\LUCAS\.m2\repository\software\amazon\awssdk\servicecatalog\2.20.150\servicecatalog-2.20.150.jar;C:\Users\LUCAS\.m2\repository\software\amazon\awssdk\servicediscovery\2.20.150\servicediscovery-2.20.150.jar;C:\Users\LUCAS\.m2\repository\software\amazon\awssdk\ses\2.20.150\ses-2.20.150.jar;C:\Users\LUCAS\.m2\repository\software\amazon\awssdk\sfn\2.20.150\sfn-2.20.150.jar;C:\Users\LUCAS\.m2\repository\software\amazon\awssdk\shield\2.20.150\shield-2.20.150.jar;C:\Users\LUCAS\.m2\repository\software\amazon\awssdk\signer\2.20.150\signer-2.20.150.jar;C:\Users\LUCAS\.m2\repository\software\amazon\awssdk\sms\2.20.150\sms-2.20.150.jar;C:\Users\LUCAS\.m2\repository\software\amazon\awssdk\snowball\2.20.150\snowball-2.20.150.jar;C:\Users\LUCAS\.m2\repository\software\amazon\awssdk\ssm\2.20.150\ssm-2.20.150.jar;C:\Users\LUCAS\.m2\repository\software\amazon\awssdk\storagegateway\2.20.150\storagegateway-2.20.150.jar;C:\Users\LUCAS\.m2\repository\software\amazon\awssdk\sts\2.20.150\sts-2.20.150.jar;C:\Users\LUCAS\.m2\repository\software\amazon\awssdk\support\2.20.150\support-2.20.150.jar;C:\Users\LUCAS\.m2\repository\software\amazon\awssdk\swf\2.20.150\swf-2.20.150.jar;C:\Users\LUCAS\.m2\repository\software\amazon\awssdk\textract\2.20.150\textract-2.20.150.jar;C:\Users\LUCAS\.m2\repository\software\amazon\awssdk\transcribe\2.20.150\transcribe-2.20.150.jar;C:\Users\LUCAS\.m2\repository\software\amazon\awssdk\transcribestreaming\2.20.150\transcribestreaming-2.20.150.jar;C:\Users\LUCAS\.m2\repository\software\amazon\awssdk\transfer\2.20.150\transfer-2.20.150.jar;C:\Users\LUCAS\.m2\repository\software\amazon\awssdk\translate\2.20.150\translate-2.20.150.jar;C:\Users\LUCAS\.m2\repository\software\amazon\awssdk\waf\2.20.150\waf-2.20.150.jar;C:\Users\LUCAS\.m2\repository\software\amazon\awssdk\workdocs\2.20.150\workdocs-2.20.150.jar;C:\Users\LUCAS\.m2\repository\software\amazon\awssdk\worklink\2.20.150\worklink-2.20.150.jar;C:\Users\LUCAS\.m2\repository\software\amazon\awssdk\workmail\2.20.150\workmail-2.20.150.jar;C:\Users\LUCAS\.m2\repository\software\amazon\awssdk\workspaces\2.20.150\workspaces-2.20.150.jar;C:\Users\LUCAS\.m2\repository\software\amazon\awssdk\xray\2.20.150\xray-2.20.150.jar;C:\Users\LUCAS\.m2\repository\software\amazon\awssdk\groundstation\2.20.150\groundstation-2.20.150.jar;C:\Users\LUCAS\.m2\repository\software\amazon\awssdk\iotthingsgraph\2.20.150\iotthingsgraph-2.20.150.jar;C:\Users\LUCAS\.m2\repository\software\amazon\awssdk\iotevents\2.20.150\iotevents-2.20.150.jar;C:\Users\LUCAS\.m2\repository\software\amazon\awssdk\ioteventsdata\2.20.150\ioteventsdata-2.20.150.jar;C:\Users\LUCAS\.m2\repository\software\amazon\awssdk\personalizeruntime\2.20.150\personalizeruntime-2.20.150.jar;C:\Users\LUCAS\.m2\repository\software\amazon\awssdk\personalize\2.20.150\personalize-2.20.150.jar;C:\Users\LUCAS\.m2\repository\software\amazon\awssdk\personalizeevents\2.20.150\personalizeevents-2.20.150.jar;C:\Users\LUCAS\.m2\repository\software\amazon\awssdk\servicequotas\2.20.150\servicequotas-2.20.150.jar;C:\Users\LUCAS\.m2\repository\software\amazon\awssdk\applicationinsights\2.20.150\applicationinsights-2.20.150.jar;C:\Users\LUCAS\.m2\repository\software\amazon\awssdk\ec2instanceconnect\2.20.150\ec2instanceconnect-2.20.150.jar;C:\Users\LUCAS\.m2\repository\software\amazon\awssdk\eventbridge\2.20.150\eventbridge-2.20.150.jar;C:\Users\LUCAS\.m2\repository\software\amazon\awssdk\lakeformation\2.20.150\lakeformation-2.20.150.jar;C:\Users\LUCAS\.m2\repository\software\amazon\awssdk\forecast\2.20.150\forecast-2.20.150.jar;C:\Users\LUCAS\.m2\repository\software\amazon\awssdk\forecastquery\2.20.150\forecastquery-2.20.150.jar;C:\Users\LUCAS\.m2\repository\software\amazon\awssdk\qldb\2.20.150\qldb-2.20.150.jar;C:\Users\LUCAS\.m2\repository\software\amazon\awssdk\qldbsession\2.20.150\qldbsession-2.20.150.jar;C:\Users\LUCAS\.m2\repository\software\amazon\awssdk\workmailmessageflow\2.20.150\workmailmessageflow-2.20.150.jar;C:\Users\LUCAS\.m2\repository\software\amazon\awssdk\codestarnotifications\2.20.150\codestarnotifications-2.20.150.jar;C:\Users\LUCAS\.m2\repository\software\amazon\awssdk\savingsplans\2.20.150\savingsplans-2.20.150.jar;C:\Users\LUCAS\.m2\repository\software\amazon\awssdk\sso\2.20.150\sso-2.20.150.jar;C:\Users\LUCAS\.m2\repository\software\amazon\awssdk\ssooidc\2.20.150\ssooidc-2.20.150.jar;C:\Users\LUCAS\.m2\repository\software\amazon\awssdk\marketplacecatalog\2.20.150\marketplacecatalog-2.20.150.jar;C:\Users\LUCAS\.m2\repository\software\amazon\awssdk\sesv2\2.20.150\sesv2-2.20.150.jar;C:\Users\LUCAS\.m2\repository\software\amazon\awssdk\dataexchange\2.20.150\dataexchange-2.20.150.jar;C:\Users\LUCAS\.m2\repository\software\amazon\awssdk\migrationhubconfig\2.20.150\migrationhubconfig-2.20.150.jar;C:\Users\LUCAS\.m2\repository\software\amazon\awssdk\connectparticipant\2.20.150\connectparticipant-2.20.150.jar;C:\Users\LUCAS\.m2\repository\software\amazon\awssdk\wafv2\2.20.150\wafv2-2.20.150.jar;C:\Users\LUCAS\.m2\repository\software\amazon\awssdk\appconfig\2.20.150\appconfig-2.20.150.jar;C:\Users\LUCAS\.m2\repository\software\amazon\awssdk\iotsecuretunneling\2.20.150\iotsecuretunneling-2.20.150.jar;C:\Users\LUCAS\.m2\repository\software\amazon\awssdk\elasticinference\2.20.150\elasticinference-2.20.150.jar;C:\Users\LUCAS\.m2\repository\software\amazon\awssdk\imagebuilder\2.20.150\imagebuilder-2.20.150.jar;C:\Users\LUCAS\.m2\repository\software\amazon\awssdk\schemas\2.20.150\schemas-2.20.150.jar;C:\Users\LUCAS\.m2\repository\software\amazon\awssdk\accessanalyzer\2.20.150\accessanalyzer-2.20.150.jar;C:\Users\LUCAS\.m2\repository\software\amazon\awssdk\computeoptimizer\2.20.150\computeoptimizer-2.20.150.jar;C:\Users\LUCAS\.m2\repository\software\amazon\awssdk\networkmanager\2.20.150\networkmanager-2.20.150.jar;C:\Users\LUCAS\.m2\repository\software\amazon\awssdk\kendra\2.20.150\kendra-2.20.150.jar;C:\Users\LUCAS\.m2\repository\software\amazon\awssdk\frauddetector\2.20.150\frauddetector-2.20.150.jar;C:\Users\LUCAS\.m2\repository\software\amazon\awssdk\codegurureviewer\2.20.150\codegurureviewer-2.20.150.jar;C:\Users\LUCAS\.m2\repository\software\amazon\awssdk\codeguruprofiler\2.20.150\codeguruprofiler-2.20.150.jar;C:\Users\LUCAS\.m2\repository\software\amazon\awssdk\outposts\2.20.150\outposts-2.20.150.jar;C:\Users\LUCAS\.m2\repository\software\amazon\awssdk\sagemakera2iruntime\2.20.150\sagemakera2iruntime-2.20.150.jar;C:\Users\LUCAS\.m2\repository\software\amazon\awssdk\ebs\2.20.150\ebs-2.20.150.jar;C:\Users\LUCAS\.m2\repository\software\amazon\awssdk\kinesisvideosignaling\2.20.150\kinesisvideosignaling-2.20.150.jar;C:\Users\LUCAS\.m2\repository\software\amazon\awssdk\detective\2.20.150\detective-2.20.150.jar;C:\Users\LUCAS\.m2\repository\software\amazon\awssdk\codestarconnections\2.20.150\codestarconnections-2.20.150.jar;C:\Users\LUCAS\.m2\repository\software\amazon\awssdk\synthetics\2.20.150\synthetics-2.20.150.jar;C:\Users\LUCAS\.m2\repository\software\amazon\awssdk\iotsitewise\2.20.150\iotsitewise-2.20.150.jar;C:\Users\LUCAS\.m2\repository\software\amazon\awssdk\macie2\2.20.150\macie2-2.20.150.jar;C:\Users\LUCAS\.m2\repository\software\amazon\awssdk\codeartifact\2.20.150\codeartifact-2.20.150.jar;C:\Users\LUCAS\.m2\repository\software\amazon\awssdk\honeycode\2.20.150\honeycode-2.20.150.jar;C:\Users\LUCAS\.m2\repository\software\amazon\awssdk\ivs\2.20.150\ivs-2.20.150.jar;C:\Users\LUCAS\.m2\repository\software\amazon\awssdk\braket\2.20.150\braket-2.20.150.jar;C:\Users\LUCAS\.m2\repository\software\amazon\awssdk\identitystore\2.20.150\identitystore-2.20.150.jar;C:\Users\LUCAS\.m2\repository\software\amazon\awssdk\appflow\2.20.150\appflow-2.20.150.jar;C:\Users\LUCAS\.m2\repository\software\amazon\awssdk\redshiftdata\2.20.150\redshiftdata-2.20.150.jar;C:\Users\LUCAS\.m2\repository\software\amazon\awssdk\ssoadmin\2.20.150\ssoadmin-2.20.150.jar;C:\Users\LUCAS\.m2\repository\software\amazon\awssdk\timestreamwrite\2.20.150\timestreamwrite-2.20.150.jar;C:\Users\LUCAS\.m2\repository\software\amazon\awssdk\timestreamquery\2.20.150\timestreamquery-2.20.150.jar;C:\Users\LUCAS\.m2\repository\software\amazon\awssdk\s3outposts\2.20.150\s3outposts-2.20.150.jar;C:\Users\LUCAS\.m2\repository\software\amazon\awssdk\databrew\2.20.150\databrew-2.20.150.jar;C:\Users\LUCAS\.m2\repository\software\amazon\awssdk\servicecatalogappregistry\2.20.150\servicecatalogappregistry-2.20.150.jar;C:\Users\LUCAS\.m2\repository\software\amazon\awssdk\networkfirewall\2.20.150\networkfirewall-2.20.150.jar;C:\Users\LUCAS\.m2\repository\software\amazon\awssdk\mwaa\2.20.150\mwaa-2.20.150.jar;C:\Users\LUCAS\.m2\repository\software\amazon\awssdk\devopsguru\2.20.150\devopsguru-2.20.150.jar;C:\Users\LUCAS\.m2\repository\software\amazon\awssdk\sagemakerfeaturestoreruntime\2.20.150\sagemakerfeaturestoreruntime-2.20.150.jar;C:\Users\LUCAS\.m2\repository\software\amazon\awssdk\appintegrations\2.20.150\appintegrations-2.20.150.jar;C:\Users\LUCAS\.m2\repository\software\amazon\awssdk\ecrpublic\2.20.150\ecrpublic-2.20.150.jar;C:\Users\LUCAS\.m2\repository\software\amazon\awssdk\amplifybackend\2.20.150\amplifybackend-2.20.150.jar;C:\Users\LUCAS\.m2\repository\software\amazon\awssdk\connectcontactlens\2.20.150\connectcontactlens-2.20.150.jar;C:\Users\LUCAS\.m2\repository\software\amazon\awssdk\lookoutvision\2.20.150\lookoutvision-2.20.150.jar;C:\Users\LUCAS\.m2\repository\software\amazon\awssdk\customerprofiles\2.20.150\customerprofiles-2.20.150.jar;C:\Users\LUCAS\.m2\repository\software\amazon\awssdk\emrcontainers\2.20.150\emrcontainers-2.20.150.jar;C:\Users\LUCAS\.m2\repository\software\amazon\awssdk\sagemakeredge\2.20.150\sagemakeredge-2.20.150.jar;C:\Users\LUCAS\.m2\repository\software\amazon\awssdk\healthlake\2.20.150\healthlake-2.20.150.jar;C:\Users\LUCAS\.m2\repository\software\amazon\awssdk\auditmanager\2.20.150\auditmanager-2.20.150.jar;C:\Users\LUCAS\.m2\repository\software\amazon\awssdk\amp\2.20.150\amp-2.20.150.jar;C:\Users\LUCAS\.m2\repository\software\amazon\awssdk\greengrassv2\2.20.150\greengrassv2-2.20.150.jar;C:\Users\LUCAS\.m2\repository\software\amazon\awssdk\iotwireless\2.20.150\iotwireless-2.20.150.jar;C:\Users\LUCAS\.m2\repository\software\amazon\awssdk\iotfleethub\2.20.150\iotfleethub-2.20.150.jar;C:\Users\LUCAS\.m2\repository\software\amazon\awssdk\iotdeviceadvisor\2.20.150\iotdeviceadvisor-2.20.150.jar;C:\Users\LUCAS\.m2\repository\software\amazon\awssdk\location\2.20.150\location-2.20.150.jar;C:\Users\LUCAS\.m2\repository\software\amazon\awssdk\wellarchitected\2.20.150\wellarchitected-2.20.150.jar;C:\Users\LUCAS\.m2\repository\software\amazon\awssdk\lexruntimev2\2.20.150\lexruntimev2-2.20.150.jar;C:\Users\LUCAS\.m2\repository\software\amazon\awssdk\lexmodelsv2\2.20.150\lexmodelsv2-2.20.150.jar;C:\Users\LUCAS\.m2\repository\software\amazon\awssdk\fis\2.20.150\fis-2.20.150.jar;C:\Users\LUCAS\.m2\repository\software\amazon\awssdk\lookoutmetrics\2.20.150\lookoutmetrics-2.20.150.jar;C:\Users\LUCAS\.m2\repository\software\amazon\awssdk\mgn\2.20.150\mgn-2.20.150.jar;C:\Users\LUCAS\.m2\repository\software\amazon\awssdk\lookoutequipment\2.20.150\lookoutequipment-2.20.150.jar;C:\Users\LUCAS\.m2\repository\software\amazon\awssdk\nimble\2.20.150\nimble-2.20.150.jar;C:\Users\LUCAS\.m2\repository\software\amazon\awssdk\finspacedata\2.20.150\finspacedata-2.20.150.jar;C:\Users\LUCAS\.m2\repository\software\amazon\awssdk\finspace\2.20.150\finspace-2.20.150.jar;C:\Users\LUCAS\.m2\repository\software\amazon\awssdk\ssmincidents\2.20.150\ssmincidents-2.20.150.jar;C:\Users\LUCAS\.m2\repository\software\amazon\awssdk\ssmcontacts\2.20.150\ssmcontacts-2.20.150.jar;C:\Users\LUCAS\.m2\repository\software\amazon\awssdk\applicationcostprofiler\2.20.150\applicationcostprofiler-2.20.150.jar;C:\Users\LUCAS\.m2\repository\software\amazon\awssdk\apprunner\2.20.150\apprunner-2.20.150.jar;C:\Users\LUCAS\.m2\repository\software\amazon\awssdk\proton\2.20.150\proton-2.20.150.jar;C:\Users\LUCAS\.m2\repository\software\amazon\awssdk\route53recoveryreadiness\2.20.150\route53recoveryreadiness-2.20.150.jar;C:\Users\LUCAS\.m2\repository\software\amazon\awssdk\route53recoverycontrolconfig\2.20.150\route53recoverycontrolconfig-2.20.150.jar;C:\Users\LUCAS\.m2\repository\software\amazon\awssdk\route53recoverycluster\2.20.150\route53recoverycluster-2.20.150.jar;C:\Users\LUCAS\.m2\repository\software\amazon\awssdk\chimesdkmessaging\2.20.150\chimesdkmessaging-2.20.150.jar;C:\Users\LUCAS\.m2\repository\software\amazon\awssdk\chimesdkidentity\2.20.150\chimesdkidentity-2.20.150.jar;C:\Users\LUCAS\.m2\repository\software\amazon\awssdk\snowdevicemanagement\2.20.150\snowdevicemanagement-2.20.150.jar;C:\Users\LUCAS\.m2\repository\software\amazon\awssdk\memorydb\2.20.150\memorydb-2.20.150.jar;C:\Users\LUCAS\.m2\repository\software\amazon\awssdk\opensearch\2.20.150\opensearch-2.20.150.jar;C:\Users\LUCAS\.m2\repository\software\amazon\awssdk\kafkaconnect\2.20.150\kafkaconnect-2.20.150.jar;C:\Users\LUCAS\.m2\repository\software\amazon\awssdk\wisdom\2.20.150\wisdom-2.20.150.jar;C:\Users\LUCAS\.m2\repository\software\amazon\awssdk\voiceid\2.20.150\voiceid-2.20.150.jar;C:\Users\LUCAS\.m2\repository\software\amazon\awssdk\account\2.20.150\account-2.20.150.jar;C:\Users\LUCAS\.m2\repository\software\amazon\awssdk\cloudcontrol\2.20.150\cloudcontrol-2.20.150.jar;C:\Users\LUCAS\.m2\repository\software\amazon\awssdk\grafana\2.20.150\grafana-2.20.150.jar;C:\Users\LUCAS\.m2\repository\software\amazon\awssdk\panorama\2.20.150\panorama-2.20.150.jar;C:\Users\LUCAS\.m2\repository\software\amazon\awssdk\chimesdkmeetings\2.20.150\chimesdkmeetings-2.20.150.jar;C:\Users\LUCAS\.m2\repository\software\amazon\awssdk\resiliencehub\2.20.150\resiliencehub-2.20.150.jar;C:\Users\LUCAS\.m2\repository\software\amazon\awssdk\migrationhubstrategy\2.20.150\migrationhubstrategy-2.20.150.jar;C:\Users\LUCAS\.m2\repository\software\amazon\awssdk\drs\2.20.150\drs-2.20.150.jar;C:\Users\LUCAS\.m2\repository\software\amazon\awssdk\appconfigdata\2.20.150\appconfigdata-2.20.150.jar;C:\Users\LUCAS\.m2\repository\software\amazon\awssdk\migrationhubrefactorspaces\2.20.150\migrationhubrefactorspaces-2.20.150.jar;C:\Users\LUCAS\.m2\repository\software\amazon\awssdk\inspector2\2.20.150\inspector2-2.20.150.jar;C:\Users\LUCAS\.m2\repository\software\amazon\awssdk\evidently\2.20.150\evidently-2.20.150.jar;C:\Users\LUCAS\.m2\repository\software\amazon\awssdk\rum\2.20.150\rum-2.20.150.jar;C:\Users\LUCAS\.m2\repository\software\amazon\awssdk\rbin\2.20.150\rbin-2.20.150.jar;C:\Users\LUCAS\.m2\repository\software\amazon\awssdk\iottwinmaker\2.20.150\iottwinmaker-2.20.150.jar;C:\Users\LUCAS\.m2\repository\software\amazon\awssdk\workspacesweb\2.20.150\workspacesweb-2.20.150.jar;C:\Users\LUCAS\.m2\repository\software\amazon\awssdk\backupgateway\2.20.150\backupgateway-2.20.150.jar;C:\Users\LUCAS\.m2\repository\software\amazon\awssdk\amplifyuibuilder\2.20.150\amplifyuibuilder-2.20.150.jar;C:\Users\LUCAS\.m2\repository\software\amazon\awssdk\keyspaces\2.20.150\keyspaces-2.20.150.jar;C:\Users\LUCAS\.m2\repository\software\amazon\awssdk\billingconductor\2.20.150\billingconductor-2.20.150.jar;C:\Users\LUCAS\.m2\repository\software\amazon\awssdk\gamesparks\2.20.150\gamesparks-2.20.150.jar;C:\Users\LUCAS\.m2\repository\software\amazon\awssdk\pinpointsmsvoicev2\2.20.150\pinpointsmsvoicev2-2.20.150.jar;C:\Users\LUCAS\.m2\repository\software\amazon\awssdk\ivschat\2.20.150\ivschat-2.20.150.jar;C:\Users\LUCAS\.m2\repository\software\amazon\awssdk\chimesdkmediapipelines\2.20.150\chimesdkmediapipelines-2.20.150.jar;C:\Users\LUCAS\.m2\repository\software\amazon\awssdk\emrserverless\2.20.150\emrserverless-2.20.150.jar;C:\Users\LUCAS\.m2\repository\software\amazon\awssdk\m2\2.20.150\m2-2.20.150.jar;C:\Users\LUCAS\.m2\repository\software\amazon\awssdk\connectcampaigns\2.20.150\connectcampaigns-2.20.150.jar;C:\Users\LUCAS\.m2\repository\software\amazon\awssdk\redshiftserverless\2.20.150\redshiftserverless-2.20.150.jar;C:\Users\LUCAS\.m2\repository\software\amazon\awssdk\rolesanywhere\2.20.150\rolesanywhere-2.20.150.jar;C:\Users\LUCAS\.m2\repository\software\amazon\awssdk\licensemanagerusersubscriptions\2.20.150\licensemanagerusersubscriptions-2.20.150.jar;C:\Users\LUCAS\.m2\repository\software\amazon\awssdk\backupstorage\2.20.150\backupstorage-2.20.150.jar;C:\Users\LUCAS\.m2\repository\software\amazon\awssdk\privatenetworks\2.20.150\privatenetworks-2.20.150.jar;C:\Users\LUCAS\.m2\repository\software\amazon\awssdk\supportapp\2.20.150\supportapp-2.20.150.jar;C:\Users\LUCAS\.m2\repository\software\amazon\awssdk\controltower\2.20.150\controltower-2.20.150.jar;C:\Users\LUCAS\.m2\repository\software\amazon\awssdk\iotfleetwise\2.20.150\iotfleetwise-2.20.150.jar;C:\Users\LUCAS\.m2\repository\software\amazon\awssdk\migrationhuborchestrator\2.20.150\migrationhuborchestrator-2.20.150.jar;C:\Users\LUCAS\.m2\repository\software\amazon\awssdk\connectcases\2.20.150\connectcases-2.20.150.jar;C:\Users\LUCAS\.m2\repository\software\amazon\awssdk\resourceexplorer2\2.20.150\resourceexplorer2-2.20.150.jar;C:\Users\LUCAS\.m2\repository\software\amazon\awssdk\scheduler\2.20.150\scheduler-2.20.150.jar;C:\Users\LUCAS\.m2\repository\software\amazon\awssdk\ssmsap\2.20.150\ssmsap-2.20.150.jar;C:\Users\LUCAS\.m2\repository\software\amazon\awssdk\chimesdkvoice\2.20.150\chimesdkvoice-2.20.150.jar;C:\Users\LUCAS\.m2\repository\software\amazon\awssdk\iotroborunner\2.20.150\iotroborunner-2.20.150.jar;C:\Users\LUCAS\.m2\repository\software\amazon\awssdk\oam\2.20.150\oam-2.20.150.jar;C:\Users\LUCAS\.m2\repository\software\amazon\awssdk\arczonalshift\2.20.150\arczonalshift-2.20.150.jar;C:\Users\LUCAS\.m2\repository\software\amazon\awssdk\simspaceweaver\2.20.150\simspaceweaver-2.20.150.jar;C:\Users\LUCAS\.m2\repository\software\amazon\awssdk\securitylake\2.20.150\securitylake-2.20.150.jar;C:\Users\LUCAS\.m2\repository\software\amazon\awssdk\opensearchserverless\2.20.150\opensearchserverless-2.20.150.jar;C:\Users\LUCAS\.m2\repository\software\amazon\awssdk\omics\2.20.150\omics-2.20.150.jar;C:\Users\LUCAS\.m2\repository\software\amazon\awssdk\docdbelastic\2.20.150\docdbelastic-2.20.150.jar;C:\Users\LUCAS\.m2\repository\software\amazon\awssdk\sagemakergeospatial\2.20.150\sagemakergeospatial-2.20.150.jar;C:\Users\LUCAS\.m2\repository\software\amazon\awssdk\pipes\2.20.150\pipes-2.20.150.jar;C:\Users\LUCAS\.m2\repository\software\amazon\awssdk\codecatalyst\2.20.150\codecatalyst-2.20.150.jar;C:\Users\LUCAS\.m2\repository\software\amazon\awssdk\sagemakermetrics\2.20.150\sagemakermetrics-2.20.150.jar;C:\Users\LUCAS\.m2\repository\software\amazon\awssdk\kinesisvideowebrtcstorage\2.20.150\kinesisvideowebrtcstorage-2.20.150.jar;C:\Users\LUCAS\.m2\repository\software\amazon\awssdk\licensemanagerlinuxsubscriptions\2.20.150\licensemanagerlinuxsubscriptions-2.20.150.jar;C:\Users\LUCAS\.m2\repository\software\amazon\awssdk\kendraranking\2.20.150\kendraranking-2.20.150.jar;C:\Users\LUCAS\.m2\repository\software\amazon\awssdk\cleanrooms\2.20.150\cleanrooms-2.20.150.jar;C:\Users\LUCAS\.m2\repository\software\amazon\awssdk\cloudtraildata\2.20.150\cloudtraildata-2.20.150.jar;C:\Users\LUCAS\.m2\repository\software\amazon\awssdk\tnb\2.20.150\tnb-2.20.150.jar;C:\Users\LUCAS\.m2\repository\software\amazon\awssdk\internetmonitor\2.20.150\internetmonitor-2.20.150.jar;C:\Users\LUCAS\.m2\repository\software\amazon\awssdk\ivsrealtime\2.20.150\ivsrealtime-2.20.150.jar;C:\Users\LUCAS\.m2\repository\software\amazon\awssdk\vpclattice\2.20.150\vpclattice-2.20.150.jar;C:\Users\LUCAS\.m2\repository\software\amazon\awssdk\osis\2.20.150\osis-2.20.150.jar;C:\Users\LUCAS\.m2\repository\software\amazon\awssdk\mediapackagev2\2.20.150\mediapackagev2-2.20.150.jar;C:\Users\LUCAS\.m2\repository\software\amazon\awssdk\paymentcryptographydata\2.20.150\paymentcryptographydata-2.20.150.jar;C:\Users\LUCAS\.m2\repository\software\amazon\awssdk\paymentcryptography\2.20.150\paymentcryptography-2.20.150.jar;C:\Users\LUCAS\.m2\repository\software\amazon\awssdk\codegurusecurity\2.20.150\codegurusecurity-2.20.150.jar;C:\Users\LUCAS\.m2\repository\software\amazon\awssdk\verifiedpermissions\2.20.150\verifiedpermissions-2.20.150.jar;C:\Users\LUCAS\.m2\repository\software\amazon\awssdk\appfabric\2.20.150\appfabric-2.20.150.jar;C:\Users\LUCAS\.m2\repository\software\amazon\awssdk\medicalimaging\2.20.150\medicalimaging-2.20.150.jar;C:\Users\LUCAS\.m2\repository\software\amazon\awssdk\entityresolution\2.20.150\entityresolution-2.20.150.jar;C:\Users\LUCAS\.m2\repository\software\amazon\awssdk\managedblockchainquery\2.20.150\managedblockchainquery-2.20.150.jar;C:\Users\LUCAS\.m2\repository\software\amazon\awssdk\pcaconnectorad\2.20.150\pcaconnectorad-2.20.150.jar;C:\Users\LUCAS\.m2\repository\software\amazon\awssdk\neptunedata\2.20.150\neptunedata-2.20.150.jar;C:\Users\LUCAS\.m2\repository\software\amazon\awssdk\sns\2.20.150\sns-2.20.150.jar;C:\Users\LUCAS\.m2\repository\software\amazon\awssdk\aws-query-protocol\2.20.150\aws-query-protocol-2.20.150.jar;C:\Users\LUCAS\.m2\repository\software\amazon\awssdk\protocol-core\2.20.150\protocol-core-2.20.150.jar;C:\Users\LUCAS\.m2\repository\software\amazon\awssdk\sdk-core\2.20.150\sdk-core-2.20.150.jar;C:\Users\LUCAS\.m2\repository\org\reactivestreams\reactive-streams\1.0.4\reactive-streams-1.0.4.jar;C:\Users\LUCAS\.m2\repository\software\amazon\awssdk\auth\2.20.150\auth-2.20.150.jar;C:\Users\LUCAS\.m2\repository\software\amazon\eventstream\eventstream\1.0.1\eventstream-1.0.1.jar;C:\Users\LUCAS\.m2\repository\software\amazon\awssdk\http-client-spi\2.20.150\http-client-spi-2.20.150.jar;C:\Users\LUCAS\.m2\repository\software\amazon\awssdk\regions\2.20.150\regions-2.20.150.jar;C:\Users\LUCAS\.m2\repository\software\amazon\awssdk\annotations\2.20.150\annotations-2.20.150.jar;C:\Users\LUCAS\.m2\repository\software\amazon\awssdk\utils\2.20.150\utils-2.20.150.jar;C:\Users\LUCAS\.m2\repository\software\amazon\awssdk\aws-core\2.20.150\aws-core-2.20.150.jar;C:\Users\LUCAS\.m2\repository\software\amazon\awssdk\metrics-spi\2.20.150\metrics-spi-2.20.150.jar;C:\Users\LUCAS\.m2\repository\software\amazon\awssdk\json-utils\2.20.150\json-utils-2.20.150.jar;C:\Users\LUCAS\.m2\repository\software\amazon\awssdk\endpoints-spi\2.20.150\endpoints-spi-2.20.150.jar;C:\Users\LUCAS\.m2\repository\software\amazon\awssdk\apache-client\2.20.150\apache-client-2.20.150.jar;C:\Users\LUCAS\.m2\repository\org\apache\httpcomponents\httpclient\4.5.14\httpclient-4.5.14.jar;C:\Users\LUCAS\.m2\repository\org\apache\httpcomponents\httpcore\4.4.16\httpcore-4.4.16.jar;C:\Users\LUCAS\.m2\repository\commons-codec\commons-codec\1.15\commons-codec-1.15.jar;C:\Users\LUCAS\.m2\repository\software\amazon\awssdk\netty-nio-client\2.20.150\netty-nio-client-2.20.150.jar;C:\Users\LUCAS\.m2\repository\io\netty\netty-codec-http\4.1.86.Final\netty-codec-http-4.1.86.Final.jar;C:\Users\LUCAS\.m2\repository\io\netty\netty-codec-http2\4.1.86.Final\netty-codec-http2-4.1.86.Final.jar;C:\Users\LUCAS\.m2\repository\io\netty\netty-codec\4.1.86.Final\netty-codec-4.1.86.Final.jar;C:\Users\LUCAS\.m2\repository\io\netty\netty-transport\4.1.86.Final\netty-transport-4.1.86.Final.jar;C:\Users\LUCAS\.m2\repository\io\netty\netty-common\4.1.86.Final\netty-common-4.1.86.Final.jar;C:\Users\LUCAS\.m2\repository\io\netty\netty-buffer\4.1.86.Final\netty-buffer-4.1.86.Final.jar;C:\Users\LUCAS\.m2\repository\io\netty\netty-handler\4.1.86.Final\netty-handler-4.1.86.Final.jar;C:\Users\LUCAS\.m2\repository\io\netty\netty-transport-native-unix-common\4.1.86.Final\netty-transport-native-unix-common-4.1.86.Final.jar;C:\Users\LUCAS\.m2\repository\io\netty\netty-transport-classes-epoll\4.1.86.Final\netty-transport-classes-epoll-4.1.86.Final.jar;C:\Users\LUCAS\.m2\repository\io\netty\netty-resolver\4.1.86.Final\netty-resolver-4.1.86.Final.jar;C:\Users\LUCAS\.m2\repository\software\amazon\awssdk\sqs\2.20.150\sqs-2.20.150.jar;C:\Users\LUCAS\.m2\repository\org\springframework\cloud\spring-cloud-starter-aws-messaging\2.2.6.RELEASE\spring-cloud-starter-aws-messaging-2.2.6.RELEASE.jar;C:\Users\LUCAS\.m2\repository\org\springframework\cloud\spring-cloud-starter-aws\2.2.6.RELEASE\spring-cloud-starter-aws-2.2.6.RELEASE.jar;C:\Users\LUCAS\.m2\repository\org\springframework\cloud\spring-cloud-aws-context\2.2.6.RELEASE\spring-cloud-aws-context-2.2.6.RELEASE.jar;C:\Users\LUCAS\.m2\repository\org\springframework\cloud\spring-cloud-aws-core\2.2.6.RELEASE\spring-cloud-aws-core-2.2.6.RELEASE.jar;C:\Users\LUCAS\.m2\repository\com\amazonaws\aws-java-sdk-s3\1.11.792\aws-java-sdk-s3-1.11.792.jar;C:\Users\LUCAS\.m2\repository\com\amazonaws\aws-java-sdk-kms\1.11.792\aws-java-sdk-kms-1.11.792.jar;C:\Users\LUCAS\.m2\repository\com\amazonaws\aws-java-sdk-ec2\1.11.792\aws-java-sdk-ec2-1.11.792.jar;C:\Users\LUCAS\.m2\repository\com\amazonaws\aws-java-sdk-cloudformation\1.11.792\aws-java-sdk-cloudformation-1.11.792.jar;C:\Users\LUCAS\.m2\repository\org\springframework\cloud\spring-cloud-aws-autoconfigure\2.2.6.RELEASE\spring-cloud-aws-autoconfigure-2.2.6.RELEASE.jar;C:\Users\LUCAS\.m2\repository\org\springframework\cloud\spring-cloud-aws-messaging\2.2.6.RELEASE\spring-cloud-aws-messaging-2.2.6.RELEASE.jar;C:\Users\LUCAS\.m2\repository\com\amazonaws\aws-java-sdk-sns\1.11.792\aws-java-sdk-sns-1.11.792.jar;C:\Users\LUCAS\.m2\repository\org\slf4j\slf4j-api\2.0.6\slf4j-api-2.0.6.jar;C:\Users\LUCAS\.m2\repository\javax\activation\javax.activation-api\1.2.0\javax.activation-api-1.2.0.jar;C:\Users\LUCAS\.m2\repository\com\amazonaws\aws-java-sdk-sqs\1.11.1003\aws-java-sdk-sqs-1.11.1003.jar;C:\Users\LUCAS\.m2\repository\com\amazonaws\aws-java-sdk-core\1.11.1003\aws-java-sdk-core-1.11.1003.jar;C:\Users\LUCAS\.m2\repository\commons-logging\commons-logging\1.1.3\commons-logging-1.1.3.jar;C:\Users\LUCAS\.m2\repository\software\amazon\ion\ion-java\1.0.2\ion-java-1.0.2.jar;C:\Users\LUCAS\.m2\repository\com\fasterxml\jackson\dataformat\jackson-dataformat-cbor\2.14.1\jackson-dataformat-cbor-2.14.1.jar;C:\Users\LUCAS\.m2\repository\joda-time\joda-time\2.8.1\joda-time-2.8.1.jar;C:\Users\LUCAS\.m2\repository\com\amazonaws\jmespath-java\1.11.1003\jmespath-java-1.11.1003.jar;C:\Users\LUCAS\.m2\repository\io\springfox\springfox-boot-starter\3.0.0\springfox-boot-starter-3.0.0.jar;C:\Users\LUCAS\.m2\repository\io\springfox\springfox-oas\3.0.0\springfox-oas-3.0.0.jar;C:\Users\LUCAS\.m2\repository\io\swagger\core\v3\swagger-annotations\2.1.2\swagger-annotations-2.1.2.jar;C:\Users\LUCAS\.m2\repository\io\swagger\core\v3\swagger-models\2.1.2\swagger-models-2.1.2.jar;C:\Users\LUCAS\.m2\repository\io\springfox\springfox-core\3.0.0\springfox-core-3.0.0.jar;C:\Users\LUCAS\.m2\repository\io\springfox\springfox-data-rest\3.0.0\springfox-data-rest-3.0.0.jar;C:\Users\LUCAS\.m2\repository\io\springfox\springfox-bean-validators\3.0.0\springfox-bean-validators-3.0.0.jar;C:\Users\LUCAS\.m2\repository\com\fasterxml\classmate\1.5.1\classmate-1.5.1.jar;C:\Users\LUCAS\.m2\repository\org\springframework\plugin\spring-plugin-core\2.0.0.RELEASE\spring-plugin-core-2.0.0.RELEASE.jar;C:\Users\LUCAS\.m2\repository\org\springframework\plugin\spring-plugin-metadata\2.0.0.RELEASE\spring-plugin-metadata-2.0.0.RELEASE.jar;C:\Users\LUCAS\.m2\repository\io\springfox\springfox-swagger2\3.0.0\springfox-swagger2-3.0.0.jar;C:\Users\LUCAS\.m2\repository\io\springfox\springfox-spi\3.0.0\springfox-spi-3.0.0.jar;C:\Users\LUCAS\.m2\repository\io\springfox\springfox-schema\3.0.0\springfox-schema-3.0.0.jar;C:\Users\LUCAS\.m2\repository\io\springfox\springfox-swagger-common\3.0.0\springfox-swagger-common-3.0.0.jar;C:\Users\LUCAS\.m2\repository\io\springfox\springfox-spring-web\3.0.0\springfox-spring-web-3.0.0.jar;C:\Users\LUCAS\.m2\repository\io\github\classgraph\classgraph\4.8.83\classgraph-4.8.83.jar;C:\Users\LUCAS\.m2\repository\io\springfox\springfox-spring-webmvc\3.0.0\springfox-spring-webmvc-3.0.0.jar;C:\Users\LUCAS\.m2\repository\io\springfox\springfox-spring-webflux\3.0.0\springfox-spring-webflux-3.0.0.jar;C:\Users\LUCAS\.m2\repository\io\swagger\swagger-annotations\1.5.20\swagger-annotations-1.5.20.jar;C:\Users\LUCAS\.m2\repository\io\swagger\swagger-models\1.5.20\swagger-models-1.5.20.jar;C:\Users\LUCAS\.m2\repository\com\fasterxml\jackson\core\jackson-annotations\2.14.1\jackson-annotations-2.14.1.jar;C:\Users\LUCAS\.m2\repository\org\mapstruct\mapstruct\1.3.1.Final\mapstruct-1.3.1.Final.jar;C:\Users\LUCAS\.m2\repository\io\springfox\springfox-swagger-ui\3.0.0\springfox-swagger-ui-3.0.0.jar;C:\Users\LUCAS\.m2\repository\org\springdoc\springdoc-openapi-ui\1.7.0\springdoc-openapi-ui-1.7.0.jar;C:\Users\LUCAS\.m2\repository\org\springdoc\springdoc-openapi-webmvc-core\1.7.0\springdoc-openapi-webmvc-core-1.7.0.jar;C:\Users\LUCAS\.m2\repository\org\springdoc\springdoc-openapi-common\1.7.0\springdoc-openapi-common-1.7.0.jar;C:\Users\LUCAS\.m2\repository\io\swagger\core\v3\swagger-core\2.2.9\swagger-core-2.2.9.jar;C:\Users\LUCAS\.m2\repository\org\apache\commons\commons-lang3\3.12.0\commons-lang3-3.12.0.jar;C:\Users\LUCAS\.m2\repository\com\fasterxml\jackson\dataformat\jackson-dataformat-yaml\2.14.1\jackson-dataformat-yaml-2.14.1.jar;C:\Users\LUCAS\.m2\repository\jakarta\validation\jakarta.validation-api\3.0.2\jakarta.validation-api-3.0.2.jar;C:\Users\LUCAS\.m2\repository\org\webjars\swagger-ui\4.18.2\swagger-ui-4.18.2.jar;"/>
    <property name="java.vm.vendor" value="Oracle Corporation"/>
    <property name="sun.arch.data.model" value="64"/>
    <property name="user.variant" value=""/>
    <property name="java.vendor.url" value="https://java.oracle.com/"/>
    <property name="user.timezone" value="America/Sao_Paulo"/>
    <property name="os.name" value="Windows 10"/>
    <property name="java.vm.specification.version" value="17"/>
    <property name="sun.java.launcher" value="SUN_STANDARD"/>
    <property name="user.country" value="BR"/>
    <property name="sun.boot.library.path" value="C:\java\jdk-17\bin"/>
    <property name="sun.java.command" value="C:\Users\LUCAS\AppData\Local\Temp\surefire18058018276053460579\surefirebooter14874394287948233523.jar C:\Users\LUCAS\AppData\Local\Temp\surefire18058018276053460579 2023-09-21T20-00-22_064-jvmRun1 surefire1959743821470527877tmp surefire_012285895879790822930tmp"/>
    <property name="jdk.debug" value="release"/>
    <property name="surefire.test.class.path" value="C:\Users\LUCAS\DesafioAdaSemana1\Desafio01\target\test-classes;C:\Users\LUCAS\DesafioAdaSemana1\Desafio01\target\classes;C:\Users\LUCAS\.m2\repository\org\springframework\boot\spring-boot-starter-web\2.4.0\spring-boot-starter-web-2.4.0.jar;C:\Users\LUCAS\.m2\repository\org\springframework\boot\spring-boot-starter\3.0.1\spring-boot-starter-3.0.1.jar;C:\Users\LUCAS\.m2\repository\org\springframework\boot\spring-boot\3.0.1\spring-boot-3.0.1.jar;C:\Users\LUCAS\.m2\repository\org\springframework\boot\spring-boot-autoconfigure\3.0.1\spring-boot-autoconfigure-3.0.1.jar;C:\Users\LUCAS\.m2\repository\org\springframework\boot\spring-boot-starter-logging\3.0.1\spring-boot-starter-logging-3.0.1.jar;C:\Users\LUCAS\.m2\repository\ch\qos\logback\logback-classic\1.4.5\logback-classic-1.4.5.jar;C:\Users\LUCAS\.m2\repository\ch\qos\logback\logback-core\1.4.5\logback-core-1.4.5.jar;C:\Users\LUCAS\.m2\repository\org\apache\logging\log4j\log4j-to-slf4j\2.19.0\log4j-to-slf4j-2.19.0.jar;C:\Users\LUCAS\.m2\repository\org\apache\logging\log4j\log4j-api\2.19.0\log4j-api-2.19.0.jar;C:\Users\LUCAS\.m2\repository\org\slf4j\jul-to-slf4j\2.0.6\jul-to-slf4j-2.0.6.jar;C:\Users\LUCAS\.m2\repository\jakarta\annotation\jakarta.annotation-api\2.1.1\jakarta.annotation-api-2.1.1.jar;C:\Users\LUCAS\.m2\repository\org\yaml\snakeyaml\1.33\snakeyaml-1.33.jar;C:\Users\LUCAS\.m2\repository\org\springframework\boot\spring-boot-starter-json\3.0.1\spring-boot-starter-json-3.0.1.jar;C:\Users\LUCAS\.m2\repository\com\fasterxml\jackson\core\jackson-databind\2.14.1\jackson-databind-2.14.1.jar;C:\Users\LUCAS\.m2\repository\com\fasterxml\jackson\core\jackson-core\2.14.1\jackson-core-2.14.1.jar;C:\Users\LUCAS\.m2\repository\com\fasterxml\jackson\datatype\jackson-datatype-jdk8\2.14.1\jackson-datatype-jdk8-2.14.1.jar;C:\Users\LUCAS\.m2\repository\com\fasterxml\jackson\datatype\jackson-datatype-jsr310\2.14.1\jackson-datatype-jsr310-2.14.1.jar;C:\Users\LUCAS\.m2\repository\com\fasterxml\jackson\module\jackson-module-parameter-names\2.14.1\jackson-module-parameter-names-2.14.1.jar;C:\Users\LUCAS\.m2\repository\org\springframework\boot\spring-boot-starter-tomcat\3.0.1\spring-boot-starter-tomcat-3.0.1.jar;C:\Users\LUCAS\.m2\repository\org\apache\tomcat\embed\tomcat-embed-core\10.1.4\tomcat-embed-core-10.1.4.jar;C:\Users\LUCAS\.m2\repository\org\apache\tomcat\embed\tomcat-embed-el\10.1.4\tomcat-embed-el-10.1.4.jar;C:\Users\LUCAS\.m2\repository\org\apache\tomcat\embed\tomcat-embed-websocket\10.1.4\tomcat-embed-websocket-10.1.4.jar;C:\Users\LUCAS\.m2\repository\org\springframework\spring-web\6.0.3\spring-web-6.0.3.jar;C:\Users\LUCAS\.m2\repository\io\micrometer\micrometer-observation\1.10.2\micrometer-observation-1.10.2.jar;C:\Users\LUCAS\.m2\repository\io\micrometer\micrometer-commons\1.10.2\micrometer-commons-1.10.2.jar;C:\Users\LUCAS\.m2\repository\org\springframework\spring-webmvc\6.0.3\spring-webmvc-6.0.3.jar;C:\Users\LUCAS\.m2\repository\org\springframework\spring-aop\6.0.3\spring-aop-6.0.3.jar;C:\Users\LUCAS\.m2\repository\org\springframework\spring-context\6.0.3\spring-context-6.0.3.jar;C:\Users\LUCAS\.m2\repository\org\springframework\spring-expression\6.0.3\spring-expression-6.0.3.jar;C:\Users\LUCAS\.m2\repository\org\springframework\boot\spring-boot-starter-test\3.0.1\spring-boot-starter-test-3.0.1.jar;C:\Users\LUCAS\.m2\repository\org\springframework\boot\spring-boot-test\3.0.1\spring-boot-test-3.0.1.jar;C:\Users\LUCAS\.m2\repository\org\springframework\boot\spring-boot-test-autoconfigure\3.0.1\spring-boot-test-autoconfigure-3.0.1.jar;C:\Users\LUCAS\.m2\repository\com\jayway\jsonpath\json-path\2.7.0\json-path-2.7.0.jar;C:\Users\LUCAS\.m2\repository\net\minidev\json-smart\2.4.8\json-smart-2.4.8.jar;C:\Users\LUCAS\.m2\repository\net\minidev\accessors-smart\2.4.8\accessors-smart-2.4.8.jar;C:\Users\LUCAS\.m2\repository\org\ow2\asm\asm\9.1\asm-9.1.jar;C:\Users\LUCAS\.m2\repository\jakarta\xml\bind\jakarta.xml.bind-api\4.0.0\jakarta.xml.bind-api-4.0.0.jar;C:\Users\LUCAS\.m2\repository\jakarta\activation\jakarta.activation-api\2.1.0\jakarta.activation-api-2.1.0.jar;C:\Users\LUCAS\.m2\repository\org\assertj\assertj-core\3.23.1\assertj-core-3.23.1.jar;C:\Users\LUCAS\.m2\repository\net\bytebuddy\byte-buddy\1.12.20\byte-buddy-1.12.20.jar;C:\Users\LUCAS\.m2\repository\org\hamcrest\hamcrest\2.2\hamcrest-2.2.jar;C:\Users\LUCAS\.m2\repository\org\junit\jupiter\junit-jupiter\5.9.1\junit-jupiter-5.9.1.jar;C:\Users\LUCAS\.m2\repository\org\junit\jupiter\junit-jupiter-api\5.9.1\junit-jupiter-api-5.9.1.jar;C:\Users\LUCAS\.m2\repository\org\opentest4j\opentest4j\1.2.0\opentest4j-1.2.0.jar;C:\Users\LUCAS\.m2\repository\org\junit\platform\junit-platform-commons\1.9.1\junit-platform-commons-1.9.1.jar;C:\Users\LUCAS\.m2\repository\org\apiguardian\apiguardian-api\1.1.2\apiguardian-api-1.1.2.jar;C:\Users\LUCAS\.m2\repository\org\junit\jupiter\junit-jupiter-params\5.9.1\junit-jupiter-params-5.9.1.jar;C:\Users\LUCAS\.m2\repository\org\junit\jupiter\junit-jupiter-engine\5.9.1\junit-jupiter-engine-5.9.1.jar;C:\Users\LUCAS\.m2\repository\org\junit\platform\junit-platform-engine\1.9.1\junit-platform-engine-1.9.1.jar;C:\Users\LUCAS\.m2\repository\org\mockito\mockito-core\4.8.1\mockito-core-4.8.1.jar;C:\Users\LUCAS\.m2\repository\net\bytebuddy\byte-buddy-agent\1.12.20\byte-buddy-agent-1.12.20.jar;C:\Users\LUCAS\.m2\repository\org\objenesis\objenesis\3.2\objenesis-3.2.jar;C:\Users\LUCAS\.m2\repository\org\mockito\mockito-junit-jupiter\4.8.1\mockito-junit-jupiter-4.8.1.jar;C:\Users\LUCAS\.m2\repository\org\skyscreamer\jsonassert\1.5.1\jsonassert-1.5.1.jar;C:\Users\LUCAS\.m2\repository\com\vaadin\external\google\android-json\0.0.20131108.vaadin1\android-json-0.0.20131108.vaadin1.jar;C:\Users\LUCAS\.m2\repository\org\springframework\spring-core\6.0.3\spring-core-6.0.3.jar;C:\Users\LUCAS\.m2\repository\org\springframework\spring-jcl\6.0.3\spring-jcl-6.0.3.jar;C:\Users\LUCAS\.m2\repository\org\springframework\spring-test\6.0.3\spring-test-6.0.3.jar;C:\Users\LUCAS\.m2\repository\org\xmlunit\xmlunit-core\2.9.0\xmlunit-core-2.9.0.jar;C:\Users\LUCAS\.m2\repository\org\springframework\spring-jms\6.0.3\spring-jms-6.0.3.jar;C:\Users\LUCAS\.m2\repository\org\springframework\spring-beans\6.0.3\spring-beans-6.0.3.jar;C:\Users\LUCAS\.m2\repository\org\springframework\spring-messaging\6.0.3\spring-messaging-6.0.3.jar;C:\Users\LUCAS\.m2\repository\org\springframework\spring-tx\6.0.3\spring-tx-6.0.3.jar;C:\Users\LUCAS\.m2\repository\software\amazon\awssdk\aws-sdk-java\2.20.150\aws-sdk-java-2.20.150.jar;C:\Users\LUCAS\.m2\repository\software\amazon\awssdk\acm\2.20.150\acm-2.20.150.jar;C:\Users\LUCAS\.m2\repository\software\amazon\awssdk\aws-json-protocol\2.20.150\aws-json-protocol-2.20.150.jar;C:\Users\LUCAS\.m2\repository\software\amazon\awssdk\acmpca\2.20.150\acmpca-2.20.150.jar;C:\Users\LUCAS\.m2\repository\software\amazon\awssdk\alexaforbusiness\2.20.150\alexaforbusiness-2.20.150.jar;C:\Users\LUCAS\.m2\repository\software\amazon\awssdk\amplify\2.20.150\amplify-2.20.150.jar;C:\Users\LUCAS\.m2\repository\software\amazon\awssdk\apigateway\2.20.150\apigateway-2.20.150.jar;C:\Users\LUCAS\.m2\repository\software\amazon\awssdk\apigatewaymanagementapi\2.20.150\apigatewaymanagementapi-2.20.150.jar;C:\Users\LUCAS\.m2\repository\software\amazon\awssdk\apigatewayv2\2.20.150\apigatewayv2-2.20.150.jar;C:\Users\LUCAS\.m2\repository\software\amazon\awssdk\applicationautoscaling\2.20.150\applicationautoscaling-2.20.150.jar;C:\Users\LUCAS\.m2\repository\software\amazon\awssdk\applicationdiscovery\2.20.150\applicationdiscovery-2.20.150.jar;C:\Users\LUCAS\.m2\repository\software\amazon\awssdk\appmesh\2.20.150\appmesh-2.20.150.jar;C:\Users\LUCAS\.m2\repository\software\amazon\awssdk\appstream\2.20.150\appstream-2.20.150.jar;C:\Users\LUCAS\.m2\repository\software\amazon\awssdk\appsync\2.20.150\appsync-2.20.150.jar;C:\Users\LUCAS\.m2\repository\software\amazon\awssdk\athena\2.20.150\athena-2.20.150.jar;C:\Users\LUCAS\.m2\repository\software\amazon\awssdk\autoscaling\2.20.150\autoscaling-2.20.150.jar;C:\Users\LUCAS\.m2\repository\software\amazon\awssdk\autoscalingplans\2.20.150\autoscalingplans-2.20.150.jar;C:\Users\LUCAS\.m2\repository\software\amazon\awssdk\backup\2.20.150\backup-2.20.150.jar;C:\Users\LUCAS\.m2\repository\software\amazon\awssdk\batch\2.20.150\batch-2.20.150.jar;C:\Users\LUCAS\.m2\repository\software\amazon\awssdk\budgets\2.20.150\budgets-2.20.150.jar;C:\Users\LUCAS\.m2\repository\software\amazon\awssdk\chime\2.20.150\chime-2.20.150.jar;C:\Users\LUCAS\.m2\repository\software\amazon\awssdk\cloud9\2.20.150\cloud9-2.20.150.jar;C:\Users\LUCAS\.m2\repository\software\amazon\awssdk\clouddirectory\2.20.150\clouddirectory-2.20.150.jar;C:\Users\LUCAS\.m2\repository\software\amazon\awssdk\cloudformation\2.20.150\cloudformation-2.20.150.jar;C:\Users\LUCAS\.m2\repository\software\amazon\awssdk\cloudfront\2.20.150\cloudfront-2.20.150.jar;C:\Users\LUCAS\.m2\repository\software\amazon\awssdk\aws-xml-protocol\2.20.150\aws-xml-protocol-2.20.150.jar;C:\Users\LUCAS\.m2\repository\software\amazon\awssdk\cloudhsm\2.20.150\cloudhsm-2.20.150.jar;C:\Users\LUCAS\.m2\repository\software\amazon\awssdk\cloudhsmv2\2.20.150\cloudhsmv2-2.20.150.jar;C:\Users\LUCAS\.m2\repository\software\amazon\awssdk\cloudsearch\2.20.150\cloudsearch-2.20.150.jar;C:\Users\LUCAS\.m2\repository\software\amazon\awssdk\cloudsearchdomain\2.20.150\cloudsearchdomain-2.20.150.jar;C:\Users\LUCAS\.m2\repository\software\amazon\awssdk\cloudtrail\2.20.150\cloudtrail-2.20.150.jar;C:\Users\LUCAS\.m2\repository\software\amazon\awssdk\cloudwatch\2.20.150\cloudwatch-2.20.150.jar;C:\Users\LUCAS\.m2\repository\software\amazon\awssdk\cloudwatchevents\2.20.150\cloudwatchevents-2.20.150.jar;C:\Users\LUCAS\.m2\repository\software\amazon\awssdk\cloudwatchlogs\2.20.150\cloudwatchlogs-2.20.150.jar;C:\Users\LUCAS\.m2\repository\software\amazon\awssdk\codebuild\2.20.150\codebuild-2.20.150.jar;C:\Users\LUCAS\.m2\repository\software\amazon\awssdk\codecommit\2.20.150\codecommit-2.20.150.jar;C:\Users\LUCAS\.m2\repository\software\amazon\awssdk\codedeploy\2.20.150\codedeploy-2.20.150.jar;C:\Users\LUCAS\.m2\repository\software\amazon\awssdk\codepipeline\2.20.150\codepipeline-2.20.150.jar;C:\Users\LUCAS\.m2\repository\software\amazon\awssdk\codestar\2.20.150\codestar-2.20.150.jar;C:\Users\LUCAS\.m2\repository\software\amazon\awssdk\cognitoidentity\2.20.150\cognitoidentity-2.20.150.jar;C:\Users\LUCAS\.m2\repository\software\amazon\awssdk\cognitoidentityprovider\2.20.150\cognitoidentityprovider-2.20.150.jar;C:\Users\LUCAS\.m2\repository\software\amazon\awssdk\cognitosync\2.20.150\cognitosync-2.20.150.jar;C:\Users\LUCAS\.m2\repository\software\amazon\awssdk\comprehend\2.20.150\comprehend-2.20.150.jar;C:\Users\LUCAS\.m2\repository\software\amazon\awssdk\comprehendmedical\2.20.150\comprehendmedical-2.20.150.jar;C:\Users\LUCAS\.m2\repository\software\amazon\awssdk\config\2.20.150\config-2.20.150.jar;C:\Users\LUCAS\.m2\repository\software\amazon\awssdk\connect\2.20.150\connect-2.20.150.jar;C:\Users\LUCAS\.m2\repository\software\amazon\awssdk\costandusagereport\2.20.150\costandusagereport-2.20.150.jar;C:\Users\LUCAS\.m2\repository\software\amazon\awssdk\costexplorer\2.20.150\costexplorer-2.20.150.jar;C:\Users\LUCAS\.m2\repository\software\amazon\awssdk\databasemigration\2.20.150\databasemigration-2.20.150.jar;C:\Users\LUCAS\.m2\repository\software\amazon\awssdk\datapipeline\2.20.150\datapipeline-2.20.150.jar;C:\Users\LUCAS\.m2\repository\software\amazon\awssdk\datasync\2.20.150\datasync-2.20.150.jar;C:\Users\LUCAS\.m2\repository\software\amazon\awssdk\dax\2.20.150\dax-2.20.150.jar;C:\Users\LUCAS\.m2\repository\software\amazon\awssdk\devicefarm\2.20.150\devicefarm-2.20.150.jar;C:\Users\LUCAS\.m2\repository\software\amazon\awssdk\directconnect\2.20.150\directconnect-2.20.150.jar;C:\Users\LUCAS\.m2\repository\software\amazon\awssdk\directory\2.20.150\directory-2.20.150.jar;C:\Users\LUCAS\.m2\repository\software\amazon\awssdk\dlm\2.20.150\dlm-2.20.150.jar;C:\Users\LUCAS\.m2\repository\software\amazon\awssdk\docdb\2.20.150\docdb-2.20.150.jar;C:\Users\LUCAS\.m2\repository\software\amazon\awssdk\profiles\2.20.150\profiles-2.20.150.jar;C:\Users\LUCAS\.m2\repository\software\amazon\awssdk\dynamodb\2.20.150\dynamodb-2.20.150.jar;C:\Users\LUCAS\.m2\repository\software\amazon\awssdk\ec2\2.20.150\ec2-2.20.150.jar;C:\Users\LUCAS\.m2\repository\software\amazon\awssdk\ecr\2.20.150\ecr-2.20.150.jar;C:\Users\LUCAS\.m2\repository\software\amazon\awssdk\ecs\2.20.150\ecs-2.20.150.jar;C:\Users\LUCAS\.m2\repository\software\amazon\awssdk\efs\2.20.150\efs-2.20.150.jar;C:\Users\LUCAS\.m2\repository\software\amazon\awssdk\eks\2.20.150\eks-2.20.150.jar;C:\Users\LUCAS\.m2\repository\software\amazon\awssdk\elasticache\2.20.150\elasticache-2.20.150.jar;C:\Users\LUCAS\.m2\repository\software\amazon\awssdk\elasticbeanstalk\2.20.150\elasticbeanstalk-2.20.150.jar;C:\Users\LUCAS\.m2\repository\software\amazon\awssdk\elasticloadbalancing\2.20.150\elasticloadbalancing-2.20.150.jar;C:\Users\LUCAS\.m2\repository\software\amazon\awssdk\elasticloadbalancingv2\2.20.150\elasticloadbalancingv2-2.20.150.jar;C:\Users\LUCAS\.m2\repository\software\amazon\awssdk\elasticsearch\2.20.150\elasticsearch-2.20.150.jar;C:\Users\LUCAS\.m2\repository\software\amazon\awssdk\elastictranscoder\2.20.150\elastictranscoder-2.20.150.jar;C:\Users\LUCAS\.m2\repository\software\amazon\awssdk\emr\2.20.150\emr-2.20.150.jar;C:\Users\LUCAS\.m2\repository\software\amazon\awssdk\firehose\2.20.150\firehose-2.20.150.jar;C:\Users\LUCAS\.m2\repository\software\amazon\awssdk\fms\2.20.150\fms-2.20.150.jar;C:\Users\LUCAS\.m2\repository\software\amazon\awssdk\fsx\2.20.150\fsx-2.20.150.jar;C:\Users\LUCAS\.m2\repository\software\amazon\awssdk\gamelift\2.20.150\gamelift-2.20.150.jar;C:\Users\LUCAS\.m2\repository\software\amazon\awssdk\glacier\2.20.150\glacier-2.20.150.jar;C:\Users\LUCAS\.m2\repository\software\amazon\awssdk\globalaccelerator\2.20.150\globalaccelerator-2.20.150.jar;C:\Users\LUCAS\.m2\repository\software\amazon\awssdk\glue\2.20.150\glue-2.20.150.jar;C:\Users\LUCAS\.m2\repository\software\amazon\awssdk\greengrass\2.20.150\greengrass-2.20.150.jar;C:\Users\LUCAS\.m2\repository\software\amazon\awssdk\guardduty\2.20.150\guardduty-2.20.150.jar;C:\Users\LUCAS\.m2\repository\software\amazon\awssdk\health\2.20.150\health-2.20.150.jar;C:\Users\LUCAS\.m2\repository\software\amazon\awssdk\iam\2.20.150\iam-2.20.150.jar;C:\Users\LUCAS\.m2\repository\software\amazon\awssdk\iam-policy-builder\2.20.150\iam-policy-builder-2.20.150.jar;C:\Users\LUCAS\.m2\repository\software\amazon\awssdk\third-party-jackson-core\2.20.150\third-party-jackson-core-2.20.150.jar;C:\Users\LUCAS\.m2\repository\software\amazon\awssdk\inspector\2.20.150\inspector-2.20.150.jar;C:\Users\LUCAS\.m2\repository\software\amazon\awssdk\iot\2.20.150\iot-2.20.150.jar;C:\Users\LUCAS\.m2\repository\software\amazon\awssdk\iot1clickdevices\2.20.150\iot1clickdevices-2.20.150.jar;C:\Users\LUCAS\.m2\repository\software\amazon\awssdk\iot1clickprojects\2.20.150\iot1clickprojects-2.20.150.jar;C:\Users\LUCAS\.m2\repository\software\amazon\awssdk\iotanalytics\2.20.150\iotanalytics-2.20.150.jar;C:\Users\LUCAS\.m2\repository\software\amazon\awssdk\iotdataplane\2.20.150\iotdataplane-2.20.150.jar;C:\Users\LUCAS\.m2\repository\software\amazon\awssdk\iotjobsdataplane\2.20.150\iotjobsdataplane-2.20.150.jar;C:\Users\LUCAS\.m2\repository\software\amazon\awssdk\kafka\2.20.150\kafka-2.20.150.jar;C:\Users\LUCAS\.m2\repository\software\amazon\awssdk\kinesis\2.20.150\kinesis-2.20.150.jar;C:\Users\LUCAS\.m2\repository\software\amazon\awssdk\aws-cbor-protocol\2.20.150\aws-cbor-protocol-2.20.150.jar;C:\Users\LUCAS\.m2\repository\software\amazon\awssdk\third-party-jackson-dataformat-cbor\2.20.150\third-party-jackson-dataformat-cbor-2.20.150.jar;C:\Users\LUCAS\.m2\repository\software\amazon\awssdk\kinesisanalytics\2.20.150\kinesisanalytics-2.20.150.jar;C:\Users\LUCAS\.m2\repository\software\amazon\awssdk\kinesisanalyticsv2\2.20.150\kinesisanalyticsv2-2.20.150.jar;C:\Users\LUCAS\.m2\repository\software\amazon\awssdk\kinesisvideo\2.20.150\kinesisvideo-2.20.150.jar;C:\Users\LUCAS\.m2\repository\software\amazon\awssdk\kinesisvideoarchivedmedia\2.20.150\kinesisvideoarchivedmedia-2.20.150.jar;C:\Users\LUCAS\.m2\repository\software\amazon\awssdk\kinesisvideomedia\2.20.150\kinesisvideomedia-2.20.150.jar;C:\Users\LUCAS\.m2\repository\software\amazon\awssdk\kms\2.20.150\kms-2.20.150.jar;C:\Users\LUCAS\.m2\repository\software\amazon\awssdk\lambda\2.20.150\lambda-2.20.150.jar;C:\Users\LUCAS\.m2\repository\software\amazon\awssdk\lexmodelbuilding\2.20.150\lexmodelbuilding-2.20.150.jar;C:\Users\LUCAS\.m2\repository\software\amazon\awssdk\lexruntime\2.20.150\lexruntime-2.20.150.jar;C:\Users\LUCAS\.m2\repository\software\amazon\awssdk\licensemanager\2.20.150\licensemanager-2.20.150.jar;C:\Users\LUCAS\.m2\repository\software\amazon\awssdk\lightsail\2.20.150\lightsail-2.20.150.jar;C:\Users\LUCAS\.m2\repository\software\amazon\awssdk\machinelearning\2.20.150\machinelearning-2.20.150.jar;C:\Users\LUCAS\.m2\repository\software\amazon\awssdk\macie\2.20.150\macie-2.20.150.jar;C:\Users\LUCAS\.m2\repository\software\amazon\awssdk\managedblockchain\2.20.150\managedblockchain-2.20.150.jar;C:\Users\LUCAS\.m2\repository\software\amazon\awssdk\marketplacecommerceanalytics\2.20.150\marketplacecommerceanalytics-2.20.150.jar;C:\Users\LUCAS\.m2\repository\software\amazon\awssdk\marketplaceentitlement\2.20.150\marketplaceentitlement-2.20.150.jar;C:\Users\LUCAS\.m2\repository\software\amazon\awssdk\marketplacemetering\2.20.150\marketplacemetering-2.20.150.jar;C:\Users\LUCAS\.m2\repository\software\amazon\awssdk\mediaconnect\2.20.150\mediaconnect-2.20.150.jar;C:\Users\LUCAS\.m2\repository\software\amazon\awssdk\mediaconvert\2.20.150\mediaconvert-2.20.150.jar;C:\Users\LUCAS\.m2\repository\software\amazon\awssdk\medialive\2.20.150\medialive-2.20.150.jar;C:\Users\LUCAS\.m2\repository\software\amazon\awssdk\mediapackage\2.20.150\mediapackage-2.20.150.jar;C:\Users\LUCAS\.m2\repository\software\amazon\awssdk\mediapackagevod\2.20.150\mediapackagevod-2.20.150.jar;C:\Users\LUCAS\.m2\repository\software\amazon\awssdk\mediastore\2.20.150\mediastore-2.20.150.jar;C:\Users\LUCAS\.m2\repository\software\amazon\awssdk\mediastoredata\2.20.150\mediastoredata-2.20.150.jar;C:\Users\LUCAS\.m2\repository\software\amazon\awssdk\mediatailor\2.20.150\mediatailor-2.20.150.jar;C:\Users\LUCAS\.m2\repository\software\amazon\awssdk\migrationhub\2.20.150\migrationhub-2.20.150.jar;C:\Users\LUCAS\.m2\repository\software\amazon\awssdk\mobile\2.20.150\mobile-2.20.150.jar;C:\Users\LUCAS\.m2\repository\software\amazon\awssdk\mq\2.20.150\mq-2.20.150.jar;C:\Users\LUCAS\.m2\repository\software\amazon\awssdk\mturk\2.20.150\mturk-2.20.150.jar;C:\Users\LUCAS\.m2\repository\software\amazon\awssdk\neptune\2.20.150\neptune-2.20.150.jar;C:\Users\LUCAS\.m2\repository\software\amazon\awssdk\opsworks\2.20.150\opsworks-2.20.150.jar;C:\Users\LUCAS\.m2\repository\software\amazon\awssdk\opsworkscm\2.20.150\opsworkscm-2.20.150.jar;C:\Users\LUCAS\.m2\repository\software\amazon\awssdk\organizations\2.20.150\organizations-2.20.150.jar;C:\Users\LUCAS\.m2\repository\software\amazon\awssdk\pi\2.20.150\pi-2.20.150.jar;C:\Users\LUCAS\.m2\repository\software\amazon\awssdk\pinpoint\2.20.150\pinpoint-2.20.150.jar;C:\Users\LUCAS\.m2\repository\software\amazon\awssdk\pinpointemail\2.20.150\pinpointemail-2.20.150.jar;C:\Users\LUCAS\.m2\repository\software\amazon\awssdk\pinpointsmsvoice\2.20.150\pinpointsmsvoice-2.20.150.jar;C:\Users\LUCAS\.m2\repository\software\amazon\awssdk\polly\2.20.150\polly-2.20.150.jar;C:\Users\LUCAS\.m2\repository\software\amazon\awssdk\pricing\2.20.150\pricing-2.20.150.jar;C:\Users\LUCAS\.m2\repository\software\amazon\awssdk\quicksight\2.20.150\quicksight-2.20.150.jar;C:\Users\LUCAS\.m2\repository\software\amazon\awssdk\ram\2.20.150\ram-2.20.150.jar;C:\Users\LUCAS\.m2\repository\software\amazon\awssdk\rds\2.20.150\rds-2.20.150.jar;C:\Users\LUCAS\.m2\repository\software\amazon\awssdk\rdsdata\2.20.150\rdsdata-2.20.150.jar;C:\Users\LUCAS\.m2\repository\software\amazon\awssdk\redshift\2.20.150\redshift-2.20.150.jar;C:\Users\LUCAS\.m2\repository\software\amazon\awssdk\rekognition\2.20.150\rekognition-2.20.150.jar;C:\Users\LUCAS\.m2\repository\software\amazon\awssdk\resourcegroups\2.20.150\resourcegroups-2.20.150.jar;C:\Users\LUCAS\.m2\repository\software\amazon\awssdk\resourcegroupstaggingapi\2.20.150\resourcegroupstaggingapi-2.20.150.jar;C:\Users\LUCAS\.m2\repository\software\amazon\awssdk\robomaker\2.20.150\robomaker-2.20.150.jar;C:\Users\LUCAS\.m2\repository\software\amazon\awssdk\route53\2.20.150\route53-2.20.150.jar;C:\Users\LUCAS\.m2\repository\software\amazon\awssdk\route53domains\2.20.150\route53domains-2.20.150.jar;C:\Users\LUCAS\.m2\repository\software\amazon\awssdk\route53resolver\2.20.150\route53resolver-2.20.150.jar;C:\Users\LUCAS\.m2\repository\software\amazon\awssdk\s3\2.20.150\s3-2.20.150.jar;C:\Users\LUCAS\.m2\repository\software\amazon\awssdk\arns\2.20.150\arns-2.20.150.jar;C:\Users\LUCAS\.m2\repository\software\amazon\awssdk\crt-core\2.20.150\crt-core-2.20.150.jar;C:\Users\LUCAS\.m2\repository\software\amazon\awssdk\s3control\2.20.150\s3control-2.20.150.jar;C:\Users\LUCAS\.m2\repository\software\amazon\awssdk\s3-transfer-manager\2.20.150\s3-transfer-manager-2.20.150.jar;C:\Users\LUCAS\.m2\repository\software\amazon\awssdk\sagemaker\2.20.150\sagemaker-2.20.150.jar;C:\Users\LUCAS\.m2\repository\software\amazon\awssdk\sagemakerruntime\2.20.150\sagemakerruntime-2.20.150.jar;C:\Users\LUCAS\.m2\repository\software\amazon\awssdk\secretsmanager\2.20.150\secretsmanager-2.20.150.jar;C:\Users\LUCAS\.m2\repository\software\amazon\awssdk\securityhub\2.20.150\securityhub-2.20.150.jar;C:\Users\LUCAS\.m2\repository\software\amazon\awssdk\serverlessapplicationrepository\2.20.150\serverlessapplicationrepository-2.20.150.jar;C:\Users\LUCAS\.m2\repository\software\amazon\awssdk\servicecatalog\2.20.150\servicecatalog-2.20.150.jar;C:\Users\LUCAS\.m2\repository\software\amazon\awssdk\servicediscovery\2.20.150\servicediscovery-2.20.150.jar;C:\Users\LUCAS\.m2\repository\software\amazon\awssdk\ses\2.20.150\ses-2.20.150.jar;C:\Users\LUCAS\.m2\repository\software\amazon\awssdk\sfn\2.20.150\sfn-2.20.150.jar;C:\Users\LUCAS\.m2\repository\software\amazon\awssdk\shield\2.20.150\shield-2.20.150.jar;C:\Users\LUCAS\.m2\repository\software\amazon\awssdk\signer\2.20.150\signer-2.20.150.jar;C:\Users\LUCAS\.m2\repository\software\amazon\awssdk\sms\2.20.150\sms-2.20.150.jar;C:\Users\LUCAS\.m2\repository\software\amazon\awssdk\snowball\2.20.150\snowball-2.20.150.jar;C:\Users\LUCAS\.m2\repository\software\amazon\awssdk\ssm\2.20.150\ssm-2.20.150.jar;C:\Users\LUCAS\.m2\repository\software\amazon\awssdk\storagegateway\2.20.150\storagegateway-2.20.150.jar;C:\Users\LUCAS\.m2\repository\software\amazon\awssdk\sts\2.20.150\sts-2.20.150.jar;C:\Users\LUCAS\.m2\repository\software\amazon\awssdk\support\2.20.150\support-2.20.150.jar;C:\Users\LUCAS\.m2\repository\software\amazon\awssdk\swf\2.20.150\swf-2.20.150.jar;C:\Users\LUCAS\.m2\repository\software\amazon\awssdk\textract\2.20.150\textract-2.20.150.jar;C:\Users\LUCAS\.m2\repository\software\amazon\awssdk\transcribe\2.20.150\transcribe-2.20.150.jar;C:\Users\LUCAS\.m2\repository\software\amazon\awssdk\transcribestreaming\2.20.150\transcribestreaming-2.20.150.jar;C:\Users\LUCAS\.m2\repository\software\amazon\awssdk\transfer\2.20.150\transfer-2.20.150.jar;C:\Users\LUCAS\.m2\repository\software\amazon\awssdk\translate\2.20.150\translate-2.20.150.jar;C:\Users\LUCAS\.m2\repository\software\amazon\awssdk\waf\2.20.150\waf-2.20.150.jar;C:\Users\LUCAS\.m2\repository\software\amazon\awssdk\workdocs\2.20.150\workdocs-2.20.150.jar;C:\Users\LUCAS\.m2\repository\software\amazon\awssdk\worklink\2.20.150\worklink-2.20.150.jar;C:\Users\LUCAS\.m2\repository\software\amazon\awssdk\workmail\2.20.150\workmail-2.20.150.jar;C:\Users\LUCAS\.m2\repository\software\amazon\awssdk\workspaces\2.20.150\workspaces-2.20.150.jar;C:\Users\LUCAS\.m2\repository\software\amazon\awssdk\xray\2.20.150\xray-2.20.150.jar;C:\Users\LUCAS\.m2\repository\software\amazon\awssdk\groundstation\2.20.150\groundstation-2.20.150.jar;C:\Users\LUCAS\.m2\repository\software\amazon\awssdk\iotthingsgraph\2.20.150\iotthingsgraph-2.20.150.jar;C:\Users\LUCAS\.m2\repository\software\amazon\awssdk\iotevents\2.20.150\iotevents-2.20.150.jar;C:\Users\LUCAS\.m2\repository\software\amazon\awssdk\ioteventsdata\2.20.150\ioteventsdata-2.20.150.jar;C:\Users\LUCAS\.m2\repository\software\amazon\awssdk\personalizeruntime\2.20.150\personalizeruntime-2.20.150.jar;C:\Users\LUCAS\.m2\repository\software\amazon\awssdk\personalize\2.20.150\personalize-2.20.150.jar;C:\Users\LUCAS\.m2\repository\software\amazon\awssdk\personalizeevents\2.20.150\personalizeevents-2.20.150.jar;C:\Users\LUCAS\.m2\repository\software\amazon\awssdk\servicequotas\2.20.150\servicequotas-2.20.150.jar;C:\Users\LUCAS\.m2\repository\software\amazon\awssdk\applicationinsights\2.20.150\applicationinsights-2.20.150.jar;C:\Users\LUCAS\.m2\repository\software\amazon\awssdk\ec2instanceconnect\2.20.150\ec2instanceconnect-2.20.150.jar;C:\Users\LUCAS\.m2\repository\software\amazon\awssdk\eventbridge\2.20.150\eventbridge-2.20.150.jar;C:\Users\LUCAS\.m2\repository\software\amazon\awssdk\lakeformation\2.20.150\lakeformation-2.20.150.jar;C:\Users\LUCAS\.m2\repository\software\amazon\awssdk\forecast\2.20.150\forecast-2.20.150.jar;C:\Users\LUCAS\.m2\repository\software\amazon\awssdk\forecastquery\2.20.150\forecastquery-2.20.150.jar;C:\Users\LUCAS\.m2\repository\software\amazon\awssdk\qldb\2.20.150\qldb-2.20.150.jar;C:\Users\LUCAS\.m2\repository\software\amazon\awssdk\qldbsession\2.20.150\qldbsession-2.20.150.jar;C:\Users\LUCAS\.m2\repository\software\amazon\awssdk\workmailmessageflow\2.20.150\workmailmessageflow-2.20.150.jar;C:\Users\LUCAS\.m2\repository\software\amazon\awssdk\codestarnotifications\2.20.150\codestarnotifications-2.20.150.jar;C:\Users\LUCAS\.m2\repository\software\amazon\awssdk\savingsplans\2.20.150\savingsplans-2.20.150.jar;C:\Users\LUCAS\.m2\repository\software\amazon\awssdk\sso\2.20.150\sso-2.20.150.jar;C:\Users\LUCAS\.m2\repository\software\amazon\awssdk\ssooidc\2.20.150\ssooidc-2.20.150.jar;C:\Users\LUCAS\.m2\repository\software\amazon\awssdk\marketplacecatalog\2.20.150\marketplacecatalog-2.20.150.jar;C:\Users\LUCAS\.m2\repository\software\amazon\awssdk\sesv2\2.20.150\sesv2-2.20.150.jar;C:\Users\LUCAS\.m2\repository\software\amazon\awssdk\dataexchange\2.20.150\dataexchange-2.20.150.jar;C:\Users\LUCAS\.m2\repository\software\amazon\awssdk\migrationhubconfig\2.20.150\migrationhubconfig-2.20.150.jar;C:\Users\LUCAS\.m2\repository\software\amazon\awssdk\connectparticipant\2.20.150\connectparticipant-2.20.150.jar;C:\Users\LUCAS\.m2\repository\software\amazon\awssdk\wafv2\2.20.150\wafv2-2.20.150.jar;C:\Users\LUCAS\.m2\repository\software\amazon\awssdk\appconfig\2.20.150\appconfig-2.20.150.jar;C:\Users\LUCAS\.m2\repository\software\amazon\awssdk\iotsecuretunneling\2.20.150\iotsecuretunneling-2.20.150.jar;C:\Users\LUCAS\.m2\repository\software\amazon\awssdk\elasticinference\2.20.150\elasticinference-2.20.150.jar;C:\Users\LUCAS\.m2\repository\software\amazon\awssdk\imagebuilder\2.20.150\imagebuilder-2.20.150.jar;C:\Users\LUCAS\.m2\repository\software\amazon\awssdk\schemas\2.20.150\schemas-2.20.150.jar;C:\Users\LUCAS\.m2\repository\software\amazon\awssdk\accessanalyzer\2.20.150\accessanalyzer-2.20.150.jar;C:\Users\LUCAS\.m2\repository\software\amazon\awssdk\computeoptimizer\2.20.150\computeoptimizer-2.20.150.jar;C:\Users\LUCAS\.m2\repository\software\amazon\awssdk\networkmanager\2.20.150\networkmanager-2.20.150.jar;C:\Users\LUCAS\.m2\repository\software\amazon\awssdk\kendra\2.20.150\kendra-2.20.150.jar;C:\Users\LUCAS\.m2\repository\software\amazon\awssdk\frauddetector\2.20.150\frauddetector-2.20.150.jar;C:\Users\LUCAS\.m2\repository\software\amazon\awssdk\codegurureviewer\2.20.150\codegurureviewer-2.20.150.jar;C:\Users\LUCAS\.m2\repository\software\amazon\awssdk\codeguruprofiler\2.20.150\codeguruprofiler-2.20.150.jar;C:\Users\LUCAS\.m2\repository\software\amazon\awssdk\outposts\2.20.150\outposts-2.20.150.jar;C:\Users\LUCAS\.m2\repository\software\amazon\awssdk\sagemakera2iruntime\2.20.150\sagemakera2iruntime-2.20.150.jar;C:\Users\LUCAS\.m2\repository\software\amazon\awssdk\ebs\2.20.150\ebs-2.20.150.jar;C:\Users\LUCAS\.m2\repository\software\amazon\awssdk\kinesisvideosignaling\2.20.150\kinesisvideosignaling-2.20.150.jar;C:\Users\LUCAS\.m2\repository\software\amazon\awssdk\detective\2.20.150\detective-2.20.150.jar;C:\Users\LUCAS\.m2\repository\software\amazon\awssdk\codestarconnections\2.20.150\codestarconnections-2.20.150.jar;C:\Users\LUCAS\.m2\repository\software\amazon\awssdk\synthetics\2.20.150\synthetics-2.20.150.jar;C:\Users\LUCAS\.m2\repository\software\amazon\awssdk\iotsitewise\2.20.150\iotsitewise-2.20.150.jar;C:\Users\LUCAS\.m2\repository\software\amazon\awssdk\macie2\2.20.150\macie2-2.20.150.jar;C:\Users\LUCAS\.m2\repository\software\amazon\awssdk\codeartifact\2.20.150\codeartifact-2.20.150.jar;C:\Users\LUCAS\.m2\repository\software\amazon\awssdk\honeycode\2.20.150\honeycode-2.20.150.jar;C:\Users\LUCAS\.m2\repository\software\amazon\awssdk\ivs\2.20.150\ivs-2.20.150.jar;C:\Users\LUCAS\.m2\repository\software\amazon\awssdk\braket\2.20.150\braket-2.20.150.jar;C:\Users\LUCAS\.m2\repository\software\amazon\awssdk\identitystore\2.20.150\identitystore-2.20.150.jar;C:\Users\LUCAS\.m2\repository\software\amazon\awssdk\appflow\2.20.150\appflow-2.20.150.jar;C:\Users\LUCAS\.m2\repository\software\amazon\awssdk\redshiftdata\2.20.150\redshiftdata-2.20.150.jar;C:\Users\LUCAS\.m2\repository\software\amazon\awssdk\ssoadmin\2.20.150\ssoadmin-2.20.150.jar;C:\Users\LUCAS\.m2\repository\software\amazon\awssdk\timestreamwrite\2.20.150\timestreamwrite-2.20.150.jar;C:\Users\LUCAS\.m2\repository\software\amazon\awssdk\timestreamquery\2.20.150\timestreamquery-2.20.150.jar;C:\Users\LUCAS\.m2\repository\software\amazon\awssdk\s3outposts\2.20.150\s3outposts-2.20.150.jar;C:\Users\LUCAS\.m2\repository\software\amazon\awssdk\databrew\2.20.150\databrew-2.20.150.jar;C:\Users\LUCAS\.m2\repository\software\amazon\awssdk\servicecatalogappregistry\2.20.150\servicecatalogappregistry-2.20.150.jar;C:\Users\LUCAS\.m2\repository\software\amazon\awssdk\networkfirewall\2.20.150\networkfirewall-2.20.150.jar;C:\Users\LUCAS\.m2\repository\software\amazon\awssdk\mwaa\2.20.150\mwaa-2.20.150.jar;C:\Users\LUCAS\.m2\repository\software\amazon\awssdk\devopsguru\2.20.150\devopsguru-2.20.150.jar;C:\Users\LUCAS\.m2\repository\software\amazon\awssdk\sagemakerfeaturestoreruntime\2.20.150\sagemakerfeaturestoreruntime-2.20.150.jar;C:\Users\LUCAS\.m2\repository\software\amazon\awssdk\appintegrations\2.20.150\appintegrations-2.20.150.jar;C:\Users\LUCAS\.m2\repository\software\amazon\awssdk\ecrpublic\2.20.150\ecrpublic-2.20.150.jar;C:\Users\LUCAS\.m2\repository\software\amazon\awssdk\amplifybackend\2.20.150\amplifybackend-2.20.150.jar;C:\Users\LUCAS\.m2\repository\software\amazon\awssdk\connectcontactlens\2.20.150\connectcontactlens-2.20.150.jar;C:\Users\LUCAS\.m2\repository\software\amazon\awssdk\lookoutvision\2.20.150\lookoutvision-2.20.150.jar;C:\Users\LUCAS\.m2\repository\software\amazon\awssdk\customerprofiles\2.20.150\customerprofiles-2.20.150.jar;C:\Users\LUCAS\.m2\repository\software\amazon\awssdk\emrcontainers\2.20.150\emrcontainers-2.20.150.jar;C:\Users\LUCAS\.m2\repository\software\amazon\awssdk\sagemakeredge\2.20.150\sagemakeredge-2.20.150.jar;C:\Users\LUCAS\.m2\repository\software\amazon\awssdk\healthlake\2.20.150\healthlake-2.20.150.jar;C:\Users\LUCAS\.m2\repository\software\amazon\awssdk\auditmanager\2.20.150\auditmanager-2.20.150.jar;C:\Users\LUCAS\.m2\repository\software\amazon\awssdk\amp\2.20.150\amp-2.20.150.jar;C:\Users\LUCAS\.m2\repository\software\amazon\awssdk\greengrassv2\2.20.150\greengrassv2-2.20.150.jar;C:\Users\LUCAS\.m2\repository\software\amazon\awssdk\iotwireless\2.20.150\iotwireless-2.20.150.jar;C:\Users\LUCAS\.m2\repository\software\amazon\awssdk\iotfleethub\2.20.150\iotfleethub-2.20.150.jar;C:\Users\LUCAS\.m2\repository\software\amazon\awssdk\iotdeviceadvisor\2.20.150\iotdeviceadvisor-2.20.150.jar;C:\Users\LUCAS\.m2\repository\software\amazon\awssdk\location\2.20.150\location-2.20.150.jar;C:\Users\LUCAS\.m2\repository\software\amazon\awssdk\wellarchitected\2.20.150\wellarchitected-2.20.150.jar;C:\Users\LUCAS\.m2\repository\software\amazon\awssdk\lexruntimev2\2.20.150\lexruntimev2-2.20.150.jar;C:\Users\LUCAS\.m2\repository\software\amazon\awssdk\lexmodelsv2\2.20.150\lexmodelsv2-2.20.150.jar;C:\Users\LUCAS\.m2\repository\software\amazon\awssdk\fis\2.20.150\fis-2.20.150.jar;C:\Users\LUCAS\.m2\repository\software\amazon\awssdk\lookoutmetrics\2.20.150\lookoutmetrics-2.20.150.jar;C:\Users\LUCAS\.m2\repository\software\amazon\awssdk\mgn\2.20.150\mgn-2.20.150.jar;C:\Users\LUCAS\.m2\repository\software\amazon\awssdk\lookoutequipment\2.20.150\lookoutequipment-2.20.150.jar;C:\Users\LUCAS\.m2\repository\software\amazon\awssdk\nimble\2.20.150\nimble-2.20.150.jar;C:\Users\LUCAS\.m2\repository\software\amazon\awssdk\finspacedata\2.20.150\finspacedata-2.20.150.jar;C:\Users\LUCAS\.m2\repository\software\amazon\awssdk\finspace\2.20.150\finspace-2.20.150.jar;C:\Users\LUCAS\.m2\repository\software\amazon\awssdk\ssmincidents\2.20.150\ssmincidents-2.20.150.jar;C:\Users\LUCAS\.m2\repository\software\amazon\awssdk\ssmcontacts\2.20.150\ssmcontacts-2.20.150.jar;C:\Users\LUCAS\.m2\repository\software\amazon\awssdk\applicationcostprofiler\2.20.150\applicationcostprofiler-2.20.150.jar;C:\Users\LUCAS\.m2\repository\software\amazon\awssdk\apprunner\2.20.150\apprunner-2.20.150.jar;C:\Users\LUCAS\.m2\repository\software\amazon\awssdk\proton\2.20.150\proton-2.20.150.jar;C:\Users\LUCAS\.m2\repository\software\amazon\awssdk\route53recoveryreadiness\2.20.150\route53recoveryreadiness-2.20.150.jar;C:\Users\LUCAS\.m2\repository\software\amazon\awssdk\route53recoverycontrolconfig\2.20.150\route53recoverycontrolconfig-2.20.150.jar;C:\Users\LUCAS\.m2\repository\software\amazon\awssdk\route53recoverycluster\2.20.150\route53recoverycluster-2.20.150.jar;C:\Users\LUCAS\.m2\repository\software\amazon\awssdk\chimesdkmessaging\2.20.150\chimesdkmessaging-2.20.150.jar;C:\Users\LUCAS\.m2\repository\software\amazon\awssdk\chimesdkidentity\2.20.150\chimesdkidentity-2.20.150.jar;C:\Users\LUCAS\.m2\repository\software\amazon\awssdk\snowdevicemanagement\2.20.150\snowdevicemanagement-2.20.150.jar;C:\Users\LUCAS\.m2\repository\software\amazon\awssdk\memorydb\2.20.150\memorydb-2.20.150.jar;C:\Users\LUCAS\.m2\repository\software\amazon\awssdk\opensearch\2.20.150\opensearch-2.20.150.jar;C:\Users\LUCAS\.m2\repository\software\amazon\awssdk\kafkaconnect\2.20.150\kafkaconnect-2.20.150.jar;C:\Users\LUCAS\.m2\repository\software\amazon\awssdk\wisdom\2.20.150\wisdom-2.20.150.jar;C:\Users\LUCAS\.m2\repository\software\amazon\awssdk\voiceid\2.20.150\voiceid-2.20.150.jar;C:\Users\LUCAS\.m2\repository\software\amazon\awssdk\account\2.20.150\account-2.20.150.jar;C:\Users\LUCAS\.m2\repository\software\amazon\awssdk\cloudcontrol\2.20.150\cloudcontrol-2.20.150.jar;C:\Users\LUCAS\.m2\repository\software\amazon\awssdk\grafana\2.20.150\grafana-2.20.150.jar;C:\Users\LUCAS\.m2\repository\software\amazon\awssdk\panorama\2.20.150\panorama-2.20.150.jar;C:\Users\LUCAS\.m2\repository\software\amazon\awssdk\chimesdkmeetings\2.20.150\chimesdkmeetings-2.20.150.jar;C:\Users\LUCAS\.m2\repository\software\amazon\awssdk\resiliencehub\2.20.150\resiliencehub-2.20.150.jar;C:\Users\LUCAS\.m2\repository\software\amazon\awssdk\migrationhubstrategy\2.20.150\migrationhubstrategy-2.20.150.jar;C:\Users\LUCAS\.m2\repository\software\amazon\awssdk\drs\2.20.150\drs-2.20.150.jar;C:\Users\LUCAS\.m2\repository\software\amazon\awssdk\appconfigdata\2.20.150\appconfigdata-2.20.150.jar;C:\Users\LUCAS\.m2\repository\software\amazon\awssdk\migrationhubrefactorspaces\2.20.150\migrationhubrefactorspaces-2.20.150.jar;C:\Users\LUCAS\.m2\repository\software\amazon\awssdk\inspector2\2.20.150\inspector2-2.20.150.jar;C:\Users\LUCAS\.m2\repository\software\amazon\awssdk\evidently\2.20.150\evidently-2.20.150.jar;C:\Users\LUCAS\.m2\repository\software\amazon\awssdk\rum\2.20.150\rum-2.20.150.jar;C:\Users\LUCAS\.m2\repository\software\amazon\awssdk\rbin\2.20.150\rbin-2.20.150.jar;C:\Users\LUCAS\.m2\repository\software\amazon\awssdk\iottwinmaker\2.20.150\iottwinmaker-2.20.150.jar;C:\Users\LUCAS\.m2\repository\software\amazon\awssdk\workspacesweb\2.20.150\workspacesweb-2.20.150.jar;C:\Users\LUCAS\.m2\repository\software\amazon\awssdk\backupgateway\2.20.150\backupgateway-2.20.150.jar;C:\Users\LUCAS\.m2\repository\software\amazon\awssdk\amplifyuibuilder\2.20.150\amplifyuibuilder-2.20.150.jar;C:\Users\LUCAS\.m2\repository\software\amazon\awssdk\keyspaces\2.20.150\keyspaces-2.20.150.jar;C:\Users\LUCAS\.m2\repository\software\amazon\awssdk\billingconductor\2.20.150\billingconductor-2.20.150.jar;C:\Users\LUCAS\.m2\repository\software\amazon\awssdk\gamesparks\2.20.150\gamesparks-2.20.150.jar;C:\Users\LUCAS\.m2\repository\software\amazon\awssdk\pinpointsmsvoicev2\2.20.150\pinpointsmsvoicev2-2.20.150.jar;C:\Users\LUCAS\.m2\repository\software\amazon\awssdk\ivschat\2.20.150\ivschat-2.20.150.jar;C:\Users\LUCAS\.m2\repository\software\amazon\awssdk\chimesdkmediapipelines\2.20.150\chimesdkmediapipelines-2.20.150.jar;C:\Users\LUCAS\.m2\repository\software\amazon\awssdk\emrserverless\2.20.150\emrserverless-2.20.150.jar;C:\Users\LUCAS\.m2\repository\software\amazon\awssdk\m2\2.20.150\m2-2.20.150.jar;C:\Users\LUCAS\.m2\repository\software\amazon\awssdk\connectcampaigns\2.20.150\connectcampaigns-2.20.150.jar;C:\Users\LUCAS\.m2\repository\software\amazon\awssdk\redshiftserverless\2.20.150\redshiftserverless-2.20.150.jar;C:\Users\LUCAS\.m2\repository\software\amazon\awssdk\rolesanywhere\2.20.150\rolesanywhere-2.20.150.jar;C:\Users\LUCAS\.m2\repository\software\amazon\awssdk\licensemanagerusersubscriptions\2.20.150\licensemanagerusersubscriptions-2.20.150.jar;C:\Users\LUCAS\.m2\repository\software\amazon\awssdk\backupstorage\2.20.150\backupstorage-2.20.150.jar;C:\Users\LUCAS\.m2\repository\software\amazon\awssdk\privatenetworks\2.20.150\privatenetworks-2.20.150.jar;C:\Users\LUCAS\.m2\repository\software\amazon\awssdk\supportapp\2.20.150\supportapp-2.20.150.jar;C:\Users\LUCAS\.m2\repository\software\amazon\awssdk\controltower\2.20.150\controltower-2.20.150.jar;C:\Users\LUCAS\.m2\repository\software\amazon\awssdk\iotfleetwise\2.20.150\iotfleetwise-2.20.150.jar;C:\Users\LUCAS\.m2\repository\software\amazon\awssdk\migrationhuborchestrator\2.20.150\migrationhuborchestrator-2.20.150.jar;C:\Users\LUCAS\.m2\repository\software\amazon\awssdk\connectcases\2.20.150\connectcases-2.20.150.jar;C:\Users\LUCAS\.m2\repository\software\amazon\awssdk\resourceexplorer2\2.20.150\resourceexplorer2-2.20.150.jar;C:\Users\LUCAS\.m2\repository\software\amazon\awssdk\scheduler\2.20.150\scheduler-2.20.150.jar;C:\Users\LUCAS\.m2\repository\software\amazon\awssdk\ssmsap\2.20.150\ssmsap-2.20.150.jar;C:\Users\LUCAS\.m2\repository\software\amazon\awssdk\chimesdkvoice\2.20.150\chimesdkvoice-2.20.150.jar;C:\Users\LUCAS\.m2\repository\software\amazon\awssdk\iotroborunner\2.20.150\iotroborunner-2.20.150.jar;C:\Users\LUCAS\.m2\repository\software\amazon\awssdk\oam\2.20.150\oam-2.20.150.jar;C:\Users\LUCAS\.m2\repository\software\amazon\awssdk\arczonalshift\2.20.150\arczonalshift-2.20.150.jar;C:\Users\LUCAS\.m2\repository\software\amazon\awssdk\simspaceweaver\2.20.150\simspaceweaver-2.20.150.jar;C:\Users\LUCAS\.m2\repository\software\amazon\awssdk\securitylake\2.20.150\securitylake-2.20.150.jar;C:\Users\LUCAS\.m2\repository\software\amazon\awssdk\opensearchserverless\2.20.150\opensearchserverless-2.20.150.jar;C:\Users\LUCAS\.m2\repository\software\amazon\awssdk\omics\2.20.150\omics-2.20.150.jar;C:\Users\LUCAS\.m2\repository\software\amazon\awssdk\docdbelastic\2.20.150\docdbelastic-2.20.150.jar;C:\Users\LUCAS\.m2\repository\software\amazon\awssdk\sagemakergeospatial\2.20.150\sagemakergeospatial-2.20.150.jar;C:\Users\LUCAS\.m2\repository\software\amazon\awssdk\pipes\2.20.150\pipes-2.20.150.jar;C:\Users\LUCAS\.m2\repository\software\amazon\awssdk\codecatalyst\2.20.150\codecatalyst-2.20.150.jar;C:\Users\LUCAS\.m2\repository\software\amazon\awssdk\sagemakermetrics\2.20.150\sagemakermetrics-2.20.150.jar;C:\Users\LUCAS\.m2\repository\software\amazon\awssdk\kinesisvideowebrtcstorage\2.20.150\kinesisvideowebrtcstorage-2.20.150.jar;C:\Users\LUCAS\.m2\repository\software\amazon\awssdk\licensemanagerlinuxsubscriptions\2.20.150\licensemanagerlinuxsubscriptions-2.20.150.jar;C:\Users\LUCAS\.m2\repository\software\amazon\awssdk\kendraranking\2.20.150\kendraranking-2.20.150.jar;C:\Users\LUCAS\.m2\repository\software\amazon\awssdk\cleanrooms\2.20.150\cleanrooms-2.20.150.jar;C:\Users\LUCAS\.m2\repository\software\amazon\awssdk\cloudtraildata\2.20.150\cloudtraildata-2.20.150.jar;C:\Users\LUCAS\.m2\repository\software\amazon\awssdk\tnb\2.20.150\tnb-2.20.150.jar;C:\Users\LUCAS\.m2\repository\software\amazon\awssdk\internetmonitor\2.20.150\internetmonitor-2.20.150.jar;C:\Users\LUCAS\.m2\repository\software\amazon\awssdk\ivsrealtime\2.20.150\ivsrealtime-2.20.150.jar;C:\Users\LUCAS\.m2\repository\software\amazon\awssdk\vpclattice\2.20.150\vpclattice-2.20.150.jar;C:\Users\LUCAS\.m2\repository\software\amazon\awssdk\osis\2.20.150\osis-2.20.150.jar;C:\Users\LUCAS\.m2\repository\software\amazon\awssdk\mediapackagev2\2.20.150\mediapackagev2-2.20.150.jar;C:\Users\LUCAS\.m2\repository\software\amazon\awssdk\paymentcryptographydata\2.20.150\paymentcryptographydata-2.20.150.jar;C:\Users\LUCAS\.m2\repository\software\amazon\awssdk\paymentcryptography\2.20.150\paymentcryptography-2.20.150.jar;C:\Users\LUCAS\.m2\repository\software\amazon\awssdk\codegurusecurity\2.20.150\codegurusecurity-2.20.150.jar;C:\Users\LUCAS\.m2\repository\software\amazon\awssdk\verifiedpermissions\2.20.150\verifiedpermissions-2.20.150.jar;C:\Users\LUCAS\.m2\repository\software\amazon\awssdk\appfabric\2.20.150\appfabric-2.20.150.jar;C:\Users\LUCAS\.m2\repository\software\amazon\awssdk\medicalimaging\2.20.150\medicalimaging-2.20.150.jar;C:\Users\LUCAS\.m2\repository\software\amazon\awssdk\entityresolution\2.20.150\entityresolution-2.20.150.jar;C:\Users\LUCAS\.m2\repository\software\amazon\awssdk\managedblockchainquery\2.20.150\managedblockchainquery-2.20.150.jar;C:\Users\LUCAS\.m2\repository\software\amazon\awssdk\pcaconnectorad\2.20.150\pcaconnectorad-2.20.150.jar;C:\Users\LUCAS\.m2\repository\software\amazon\awssdk\neptunedata\2.20.150\neptunedata-2.20.150.jar;C:\Users\LUCAS\.m2\repository\software\amazon\awssdk\sns\2.20.150\sns-2.20.150.jar;C:\Users\LUCAS\.m2\repository\software\amazon\awssdk\aws-query-protocol\2.20.150\aws-query-protocol-2.20.150.jar;C:\Users\LUCAS\.m2\repository\software\amazon\awssdk\protocol-core\2.20.150\protocol-core-2.20.150.jar;C:\Users\LUCAS\.m2\repository\software\amazon\awssdk\sdk-core\2.20.150\sdk-core-2.20.150.jar;C:\Users\LUCAS\.m2\repository\org\reactivestreams\reactive-streams\1.0.4\reactive-streams-1.0.4.jar;C:\Users\LUCAS\.m2\repository\software\amazon\awssdk\auth\2.20.150\auth-2.20.150.jar;C:\Users\LUCAS\.m2\repository\software\amazon\eventstream\eventstream\1.0.1\eventstream-1.0.1.jar;C:\Users\LUCAS\.m2\repository\software\amazon\awssdk\http-client-spi\2.20.150\http-client-spi-2.20.150.jar;C:\Users\LUCAS\.m2\repository\software\amazon\awssdk\regions\2.20.150\regions-2.20.150.jar;C:\Users\LUCAS\.m2\repository\software\amazon\awssdk\annotations\2.20.150\annotations-2.20.150.jar;C:\Users\LUCAS\.m2\repository\software\amazon\awssdk\utils\2.20.150\utils-2.20.150.jar;C:\Users\LUCAS\.m2\repository\software\amazon\awssdk\aws-core\2.20.150\aws-core-2.20.150.jar;C:\Users\LUCAS\.m2\repository\software\amazon\awssdk\metrics-spi\2.20.150\metrics-spi-2.20.150.jar;C:\Users\LUCAS\.m2\repository\software\amazon\awssdk\json-utils\2.20.150\json-utils-2.20.150.jar;C:\Users\LUCAS\.m2\repository\software\amazon\awssdk\endpoints-spi\2.20.150\endpoints-spi-2.20.150.jar;C:\Users\LUCAS\.m2\repository\software\amazon\awssdk\apache-client\2.20.150\apache-client-2.20.150.jar;C:\Users\LUCAS\.m2\repository\org\apache\httpcomponents\httpclient\4.5.14\httpclient-4.5.14.jar;C:\Users\LUCAS\.m2\repository\org\apache\httpcomponents\httpcore\4.4.16\httpcore-4.4.16.jar;C:\Users\LUCAS\.m2\repository\commons-codec\commons-codec\1.15\commons-codec-1.15.jar;C:\Users\LUCAS\.m2\repository\software\amazon\awssdk\netty-nio-client\2.20.150\netty-nio-client-2.20.150.jar;C:\Users\LUCAS\.m2\repository\io\netty\netty-codec-http\4.1.86.Final\netty-codec-http-4.1.86.Final.jar;C:\Users\LUCAS\.m2\repository\io\netty\netty-codec-http2\4.1.86.Final\netty-codec-http2-4.1.86.Final.jar;C:\Users\LUCAS\.m2\repository\io\netty\netty-codec\4.1.86.Final\netty-codec-4.1.86.Final.jar;C:\Users\LUCAS\.m2\repository\io\netty\netty-transport\4.1.86.Final\netty-transport-4.1.86.Final.jar;C:\Users\LUCAS\.m2\repository\io\netty\netty-common\4.1.86.Final\netty-common-4.1.86.Final.jar;C:\Users\LUCAS\.m2\repository\io\netty\netty-buffer\4.1.86.Final\netty-buffer-4.1.86.Final.jar;C:\Users\LUCAS\.m2\repository\io\netty\netty-handler\4.1.86.Final\netty-handler-4.1.86.Final.jar;C:\Users\LUCAS\.m2\repository\io\netty\netty-transport-native-unix-common\4.1.86.Final\netty-transport-native-unix-common-4.1.86.Final.jar;C:\Users\LUCAS\.m2\repository\io\netty\netty-transport-classes-epoll\4.1.86.Final\netty-transport-classes-epoll-4.1.86.Final.jar;C:\Users\LUCAS\.m2\repository\io\netty\netty-resolver\4.1.86.Final\netty-resolver-4.1.86.Final.jar;C:\Users\LUCAS\.m2\repository\software\amazon\awssdk\sqs\2.20.150\sqs-2.20.150.jar;C:\Users\LUCAS\.m2\repository\org\springframework\cloud\spring-cloud-starter-aws-messaging\2.2.6.RELEASE\spring-cloud-starter-aws-messaging-2.2.6.RELEASE.jar;C:\Users\LUCAS\.m2\repository\org\springframework\cloud\spring-cloud-starter-aws\2.2.6.RELEASE\spring-cloud-starter-aws-2.2.6.RELEASE.jar;C:\Users\LUCAS\.m2\repository\org\springframework\cloud\spring-cloud-aws-context\2.2.6.RELEASE\spring-cloud-aws-context-2.2.6.RELEASE.jar;C:\Users\LUCAS\.m2\repository\org\springframework\cloud\spring-cloud-aws-core\2.2.6.RELEASE\spring-cloud-aws-core-2.2.6.RELEASE.jar;C:\Users\LUCAS\.m2\repository\com\amazonaws\aws-java-sdk-s3\1.11.792\aws-java-sdk-s3-1.11.792.jar;C:\Users\LUCAS\.m2\repository\com\amazonaws\aws-java-sdk-kms\1.11.792\aws-java-sdk-kms-1.11.792.jar;C:\Users\LUCAS\.m2\repository\com\amazonaws\aws-java-sdk-ec2\1.11.792\aws-java-sdk-ec2-1.11.792.jar;C:\Users\LUCAS\.m2\repository\com\amazonaws\aws-java-sdk-cloudformation\1.11.792\aws-java-sdk-cloudformation-1.11.792.jar;C:\Users\LUCAS\.m2\repository\org\springframework\cloud\spring-cloud-aws-autoconfigure\2.2.6.RELEASE\spring-cloud-aws-autoconfigure-2.2.6.RELEASE.jar;C:\Users\LUCAS\.m2\repository\org\springframework\cloud\spring-cloud-aws-messaging\2.2.6.RELEASE\spring-cloud-aws-messaging-2.2.6.RELEASE.jar;C:\Users\LUCAS\.m2\repository\com\amazonaws\aws-java-sdk-sns\1.11.792\aws-java-sdk-sns-1.11.792.jar;C:\Users\LUCAS\.m2\repository\org\slf4j\slf4j-api\2.0.6\slf4j-api-2.0.6.jar;C:\Users\LUCAS\.m2\repository\javax\activation\javax.activation-api\1.2.0\javax.activation-api-1.2.0.jar;C:\Users\LUCAS\.m2\repository\com\amazonaws\aws-java-sdk-sqs\1.11.1003\aws-java-sdk-sqs-1.11.1003.jar;C:\Users\LUCAS\.m2\repository\com\amazonaws\aws-java-sdk-core\1.11.1003\aws-java-sdk-core-1.11.1003.jar;C:\Users\LUCAS\.m2\repository\commons-logging\commons-logging\1.1.3\commons-logging-1.1.3.jar;C:\Users\LUCAS\.m2\repository\software\amazon\ion\ion-java\1.0.2\ion-java-1.0.2.jar;C:\Users\LUCAS\.m2\repository\com\fasterxml\jackson\dataformat\jackson-dataformat-cbor\2.14.1\jackson-dataformat-cbor-2.14.1.jar;C:\Users\LUCAS\.m2\repository\joda-time\joda-time\2.8.1\joda-time-2.8.1.jar;C:\Users\LUCAS\.m2\repository\com\amazonaws\jmespath-java\1.11.1003\jmespath-java-1.11.1003.jar;C:\Users\LUCAS\.m2\repository\io\springfox\springfox-boot-starter\3.0.0\springfox-boot-starter-3.0.0.jar;C:\Users\LUCAS\.m2\repository\io\springfox\springfox-oas\3.0.0\springfox-oas-3.0.0.jar;C:\Users\LUCAS\.m2\repository\io\swagger\core\v3\swagger-annotations\2.1.2\swagger-annotations-2.1.2.jar;C:\Users\LUCAS\.m2\repository\io\swagger\core\v3\swagger-models\2.1.2\swagger-models-2.1.2.jar;C:\Users\LUCAS\.m2\repository\io\springfox\springfox-core\3.0.0\springfox-core-3.0.0.jar;C:\Users\LUCAS\.m2\repository\io\springfox\springfox-data-rest\3.0.0\springfox-data-rest-3.0.0.jar;C:\Users\LUCAS\.m2\repository\io\springfox\springfox-bean-validators\3.0.0\springfox-bean-validators-3.0.0.jar;C:\Users\LUCAS\.m2\repository\com\fasterxml\classmate\1.5.1\classmate-1.5.1.jar;C:\Users\LUCAS\.m2\repository\org\springframework\plugin\spring-plugin-core\2.0.0.RELEASE\spring-plugin-core-2.0.0.RELEASE.jar;C:\Users\LUCAS\.m2\repository\org\springframework\plugin\spring-plugin-metadata\2.0.0.RELEASE\spring-plugin-metadata-2.0.0.RELEASE.jar;C:\Users\LUCAS\.m2\repository\io\springfox\springfox-swagger2\3.0.0\springfox-swagger2-3.0.0.jar;C:\Users\LUCAS\.m2\repository\io\springfox\springfox-spi\3.0.0\springfox-spi-3.0.0.jar;C:\Users\LUCAS\.m2\repository\io\springfox\springfox-schema\3.0.0\springfox-schema-3.0.0.jar;C:\Users\LUCAS\.m2\repository\io\springfox\springfox-swagger-common\3.0.0\springfox-swagger-common-3.0.0.jar;C:\Users\LUCAS\.m2\repository\io\springfox\springfox-spring-web\3.0.0\springfox-spring-web-3.0.0.jar;C:\Users\LUCAS\.m2\repository\io\github\classgraph\classgraph\4.8.83\classgraph-4.8.83.jar;C:\Users\LUCAS\.m2\repository\io\springfox\springfox-spring-webmvc\3.0.0\springfox-spring-webmvc-3.0.0.jar;C:\Users\LUCAS\.m2\repository\io\springfox\springfox-spring-webflux\3.0.0\springfox-spring-webflux-3.0.0.jar;C:\Users\LUCAS\.m2\repository\io\swagger\swagger-annotations\1.5.20\swagger-annotations-1.5.20.jar;C:\Users\LUCAS\.m2\repository\io\swagger\swagger-models\1.5.20\swagger-models-1.5.20.jar;C:\Users\LUCAS\.m2\repository\com\fasterxml\jackson\core\jackson-annotations\2.14.1\jackson-annotations-2.14.1.jar;C:\Users\LUCAS\.m2\repository\org\mapstruct\mapstruct\1.3.1.Final\mapstruct-1.3.1.Final.jar;C:\Users\LUCAS\.m2\repository\io\springfox\springfox-swagger-ui\3.0.0\springfox-swagger-ui-3.0.0.jar;C:\Users\LUCAS\.m2\repository\org\springdoc\springdoc-openapi-ui\1.7.0\springdoc-openapi-ui-1.7.0.jar;C:\Users\LUCAS\.m2\repository\org\springdoc\springdoc-openapi-webmvc-core\1.7.0\springdoc-openapi-webmvc-core-1.7.0.jar;C:\Users\LUCAS\.m2\repository\org\springdoc\springdoc-openapi-common\1.7.0\springdoc-openapi-common-1.7.0.jar;C:\Users\LUCAS\.m2\repository\io\swagger\core\v3\swagger-core\2.2.9\swagger-core-2.2.9.jar;C:\Users\LUCAS\.m2\repository\org\apache\commons\commons-lang3\3.12.0\commons-lang3-3.12.0.jar;C:\Users\LUCAS\.m2\repository\com\fasterxml\jackson\dataformat\jackson-dataformat-yaml\2.14.1\jackson-dataformat-yaml-2.14.1.jar;C:\Users\LUCAS\.m2\repository\jakarta\validation\jakarta.validation-api\3.0.2\jakarta.validation-api-3.0.2.jar;C:\Users\LUCAS\.m2\repository\org\webjars\swagger-ui\4.18.2\swagger-ui-4.18.2.jar;"/>
    <property name="sun.cpu.endian" value="little"/>
    <property name="user.home" value="C:\Users\LUCAS"/>
    <property name="user.language" value="pt"/>
    <property name="java.specification.vendor" value="Oracle Corporation"/>
    <property name="java.version.date" value="2021-09-14"/>
    <property name="java.home" value="C:\java\jdk-17"/>
    <property name="file.separator" value="\"/>
    <property name="basedir" value="C:\Users\LUCAS\DesafioAdaSemana1\Desafio01"/>
    <property name="java.vm.compressedOopsMode" value="Zero based"/>
    <property name="line.separator" value="&#10;"/>
    <property name="java.vm.specification.vendor" value="Oracle Corporation"/>
    <property name="java.specification.name" value="Java Platform API Specification"/>
    <property name="surefire.real.class.path" value="C:\Users\LUCAS\AppData\Local\Temp\surefire18058018276053460579\surefirebooter14874394287948233523.jar"/>
    <property name="user.script" value=""/>
    <property name="sun.management.compiler" value="HotSpot 64-Bit Tiered Compilers"/>
    <property name="java.runtime.version" value="17+35-2724"/>
    <property name="user.name" value="LUCAS"/>
    <property name="path.separator" value=";"/>
    <property name="os.version" value="10.0"/>
    <property name="java.runtime.name" value="OpenJDK Runtime Environment"/>
    <property name="file.encoding" value="Cp1252"/>
    <property name="java.vm.name" value="OpenJDK 64-Bit Server VM"/>
    <property name="localRepository" value="C:\Users\LUCAS\.m2\repository"/>
    <property name="java.vendor.url.bug" value="https://bugreport.java.com/bugreport/"/>
    <property name="java.io.tmpdir" value="C:\Users\LUCAS\AppData\Local\Temp\"/>
    <property name="java.version" value="17"/>
    <property name="user.dir" value="C:\Users\LUCAS\DesafioAdaSemana1\Desafio01"/>
    <property name="os.arch" value="amd64"/>
    <property name="java.vm.specification.name" value="Java Virtual Machine Specification"/>
    <property name="sun.os.patch.level" value=""/>
    <property name="native.encoding" value="Cp1252"/>
    <property name="java.library.path" value="C:\java\jdk-17\bin;C:\Windows\Sun\Java\bin;C:\Windows\system32;C:\Windows;C:\Program Files\Common Files\Oracle\Java\javapath;C:\Program Files (x86)\Common Files\Oracle\Java\javapath;C:\Windows\system32;C:\Windows;C:\Windows\System32\Wbem;C:\Windows\System32\WindowsPowerShell\v1.0\;C:\Windows\System32\OpenSSH\;C:\Program Files\NVIDIA Corporation\NVIDIA NvDLISR;C:\Program Files (x86)\NVIDIA Corporation\PhysX\Common;C:\Program Files\Git\cmd;C:\Program Files\Microsoft SQL Server\150\Tools\Binn\;C:\Program Files\Microsoft SQL Server\Client SDK\ODBC\170\Tools\Binn\;C:\Program Files (x86)\Microsoft SQL Server\150\Tools\Binn\;C:\Program Files\Microsoft SQL Server\150\DTS\Binn\;C:\Program Files\Azure Data Studio\bin;C:\Program Files (x86)\Microsoft SQL Server\150\DTS\Binn\;C:\Program Files (x86)\Microsoft SQL Server\160\DTS\Binn\;C:\Program Files\dotnet\;C:\java\jdk-17\bin;C:\apache-maven-3.9.4\bin;C:\Program Files\Amazon\AWSCLIV2\;C:\Users\LUCAS\AppData\Local\Microsoft\WindowsApps;C:\Program Files\Azure Data Studio\bin;C:\Users\LUCAS\.dotnet\tools;C:\Users\LUCAS\AppData\Local\Programs\Microsoft VS Code\bin;."/>
    <property name="java.vm.info" value="mixed mode, sharing"/>
    <property name="java.vendor" value="Oracle Corporation"/>
    <property name="java.vm.version" value="17+35-2724"/>
    <property name="sun.io.unicode.encoding" value="UnicodeLittle"/>
    <property name="java.class.version" value="61.0"/>
  </properties>
  <testcase name="contextLoads" classname="com.cielo.desafio01.Desafio01ApplicationTests" time="0.001">
    <error message="Failed to load ApplicationContext for [WebMergedContextConfiguration@38830ea testClass = com.cielo.desafio01.Desafio01ApplicationTests, locations = [], classes = [com.cielo.desafio01.Desafio01Application], contextInitializerClasses = [], activeProfiles = [], propertySourceLocations = [], propertySourceProperties = [&quot;org.springframework.boot.test.context.SpringBootTestContextBootstrapper=true&quot;], contextCustomizers = [org.springframework.boot.test.context.filter.ExcludeFilterContextCustomizer@3e2059ae, org.springframework.boot.test.json.DuplicateJsonObjectContextCustomizerFactory$DuplicateJsonObjectContextCustomizer@4fbe37eb, org.springframework.boot.test.mock.mockito.MockitoContextCustomizer@0, org.springframework.boot.test.web.client.TestRestTemplateContextCustomizer@b83a9be, org.springframework.boot.test.autoconfigure.actuate.observability.ObservabilityContextCustomizerFactory$DisableObservabilityContextCustomizer@9da1, org.springframework.boot.test.autoconfigure.properties.PropertyMappingContextCustomizer@0, org.springframework.boot.test.autoconfigure.web.servlet.WebDriverContextCustomizerFactory$Customizer@4eaf3684, org.springframework.boot.test.context.SpringBootTestAnnotation@1b7d210c], resourceBasePath = &quot;src/main/webapp&quot;, contextLoader = org.springframework.boot.test.context.SpringBootContextLoader, parent = null]" type="java.lang.IllegalStateException">java.lang.IllegalStateException: Failed to load ApplicationContext for [WebMergedContextConfiguration@38830ea testClass = com.cielo.desafio01.Desafio01ApplicationTests, locations = [], classes = [com.cielo.desafio01.Desafio01Application], contextInitializerClasses = [], activeProfiles = [], propertySourceLocations = [], propertySourceProperties = ["org.springframework.boot.test.context.SpringBootTestContextBootstrapper=true"], contextCustomizers = [org.springframework.boot.test.context.filter.ExcludeFilterContextCustomizer@3e2059ae, org.springframework.boot.test.json.DuplicateJsonObjectContextCustomizerFactory$DuplicateJsonObjectContextCustomizer@4fbe37eb, org.springframework.boot.test.mock.mockito.MockitoContextCustomizer@0, org.springframework.boot.test.web.client.TestRestTemplateContextCustomizer@b83a9be, org.springframework.boot.test.autoconfigure.actuate.observability.ObservabilityContextCustomizerFactory$DisableObservabilityContextCustomizer@9da1, org.springframework.boot.test.autoconfigure.properties.PropertyMappingContextCustomizer@0, org.springframework.boot.test.autoconfigure.web.servlet.WebDriverContextCustomizerFactory$Customizer@4eaf3684, org.springframework.boot.test.context.SpringBootTestAnnotation@1b7d210c], resourceBasePath = "src/main/webapp", contextLoader = org.springframework.boot.test.context.SpringBootContextLoader, parent = null]
Caused by: java.lang.TypeNotPresentException: Type javax.servlet.http.HttpServletRequest not present
Caused by: java.lang.ClassNotFoundException: javax.servlet.http.HttpServletRequest
</error>
    <system-out><![CDATA[20:00:23.569 [main] DEBUG org.springframework.boot.test.context.SpringBootTestContextBootstrapper - Neither @ContextConfiguration nor @ContextHierarchy found for test class [Desafio01ApplicationTests]: using SpringBootContextLoader
20:00:23.573 [main] DEBUG org.springframework.test.context.support.AbstractContextLoader - Could not detect default resource locations for test class [com.cielo.desafio01.Desafio01ApplicationTests]: no resource found for suffixes {-context.xml, Context.groovy}.
20:00:23.573 [main] INFO org.springframework.test.context.support.AnnotationConfigContextLoaderUtils - Could not detect default configuration classes for test class [com.cielo.desafio01.Desafio01ApplicationTests]: Desafio01ApplicationTests does not declare any static, non-private, non-final, nested classes annotated with @Configuration.
20:00:23.592 [main] DEBUG org.springframework.boot.test.context.SpringBootTestContextBootstrapper - Using ContextCustomizers for test class [Desafio01ApplicationTests]: [ExcludeFilterContextCustomizer, DuplicateJsonObjectContextCustomizer, MockitoContextCustomizer, TestRestTemplateContextCustomizer, DisableObservabilityContextCustomizer, PropertyMappingContextCustomizer, Customizer]
20:00:23.641 [main] DEBUG org.springframework.context.annotation.ClassPathScanningCandidateComponentProvider - Identified candidate component class: file [C:\Users\LUCAS\DesafioAdaSemana1\Desafio01\target\classes\com\cielo\desafio01\Desafio01Application.class]
20:00:23.642 [main] INFO org.springframework.boot.test.context.SpringBootTestContextBootstrapper - Found @SpringBootConfiguration com.cielo.desafio01.Desafio01Application for test class com.cielo.desafio01.Desafio01ApplicationTests
20:00:23.719 [main] DEBUG org.springframework.boot.test.context.SpringBootTestContextBootstrapper - Using TestExecutionListeners for test class [Desafio01ApplicationTests]: [ServletTestExecutionListener, DirtiesContextBeforeModesTestExecutionListener, ApplicationEventsTestExecutionListener, MockitoTestExecutionListener, DependencyInjectionTestExecutionListener, DirtiesContextTestExecutionListener, TransactionalTestExecutionListener, SqlScriptsTestExecutionListener, EventPublishingTestExecutionListener, ResetMocksTestExecutionListener, RestDocsTestExecutionListener, MockRestServiceServerResetTestExecutionListener, MockMvcPrintOnlyOnFailureTestExecutionListener, WebDriverTestExecutionListener, MockWebServiceServerTestExecutionListener]
20:00:23.721 [main] DEBUG org.springframework.test.context.support.AbstractDirtiesContextTestExecutionListener - Before test class: class [Desafio01ApplicationTests], class annotated with @DirtiesContext [false] with mode [null]

  .   ____          _            __ _ _
 /\\ / ___'_ __ _ _(_)_ __  __ _ \ \ \ \
( ( )\___ | '_ | '_| | '_ \/ _` | \ \ \ \
 \\/  ___)| |_)| | | | | || (_| |  ) ) ) )
  '  |____| .__|_| |_|_| |_\__, | / / / /
 =========|_|==============|___/=/_/_/_/
 :: Spring Boot ::                (v3.0.1)

2023-09-21T20:00:23.925-03:00  INFO 12712 --- [           main] c.c.desafio01.Desafio01ApplicationTests  : Starting Desafio01ApplicationTests using Java 17 with PID 12712 (started by LUCAS in C:\Users\LUCAS\DesafioAdaSemana1\Desafio01)
2023-09-21T20:00:23.926-03:00  INFO 12712 --- [           main] c.c.desafio01.Desafio01ApplicationTests  : No active profile set, falling back to 1 default profile: "default"
2023-09-21T20:00:24.412-03:00 ERROR 12712 --- [           main] o.s.boot.SpringApplication               : Application run failed

java.lang.TypeNotPresentException: Type javax.servlet.http.HttpServletRequest not present
	at java.base/sun.reflect.generics.factory.CoreReflectionFactory.makeNamedType(CoreReflectionFactory.java:117) ~[na:na]
	at java.base/sun.reflect.generics.visitor.Reifier.visitClassTypeSignature(Reifier.java:125) ~[na:na]
	at java.base/sun.reflect.generics.tree.ClassTypeSignature.accept(ClassTypeSignature.java:49) ~[na:na]
	at java.base/sun.reflect.generics.visitor.Reifier.reifyTypeArguments(Reifier.java:68) ~[na:na]
	at java.base/sun.reflect.generics.visitor.Reifier.visitClassTypeSignature(Reifier.java:138) ~[na:na]
	at java.base/sun.reflect.generics.tree.ClassTypeSignature.accept(ClassTypeSignature.java:49) ~[na:na]
	at java.base/sun.reflect.generics.repository.ClassRepository.computeSuperInterfaces(ClassRepository.java:117) ~[na:na]
	at java.base/sun.reflect.generics.repository.ClassRepository.getSuperInterfaces(ClassRepository.java:95) ~[na:na]
	at java.base/java.lang.Class.getGenericInterfaces(Class.java:1211) ~[na:na]
	at org.springframework.core.ResolvableType.getInterfaces(ResolvableType.java:500) ~[spring-core-6.0.3.jar:6.0.3]
	at org.springframework.core.ResolvableType.as(ResolvableType.java:448) ~[spring-core-6.0.3.jar:6.0.3]
	at org.springframework.core.ResolvableType.forClass(ResolvableType.java:1048) ~[spring-core-6.0.3.jar:6.0.3]
	at org.springframework.plugin.core.config.PluginRegistriesBeanDefinitionRegistrar.getTargetType(PluginRegistriesBeanDefinitionRegistrar.java:101) ~[spring-plugin-core-2.0.0.RELEASE.jar:2.0.0.RELEASE]
	at org.springframework.plugin.core.config.PluginRegistriesBeanDefinitionRegistrar.registerBeanDefinitions(PluginRegistriesBeanDefinitionRegistrar.java:71) ~[spring-plugin-core-2.0.0.RELEASE.jar:2.0.0.RELEASE]
	at org.springframework.context.annotation.ImportBeanDefinitionRegistrar.registerBeanDefinitions(ImportBeanDefinitionRegistrar.java:86) ~[spring-context-6.0.3.jar:6.0.3]
	at org.springframework.context.annotation.ConfigurationClassBeanDefinitionReader.lambda$loadBeanDefinitionsFromRegistrars$1(ConfigurationClassBeanDefinitionReader.java:373) ~[spring-context-6.0.3.jar:6.0.3]
	at java.base/java.util.LinkedHashMap.forEach(LinkedHashMap.java:721) ~[na:na]
	at org.springframework.context.annotation.ConfigurationClassBeanDefinitionReader.loadBeanDefinitionsFromRegistrars(ConfigurationClassBeanDefinitionReader.java:372) ~[spring-context-6.0.3.jar:6.0.3]
	at org.springframework.context.annotation.ConfigurationClassBeanDefinitionReader.loadBeanDefinitionsForConfigurationClass(ConfigurationClassBeanDefinitionReader.java:148) ~[spring-context-6.0.3.jar:6.0.3]
	at org.springframework.context.annotation.ConfigurationClassBeanDefinitionReader.loadBeanDefinitions(ConfigurationClassBeanDefinitionReader.java:120) ~[spring-context-6.0.3.jar:6.0.3]
	at org.springframework.context.annotation.ConfigurationClassPostProcessor.processConfigBeanDefinitions(ConfigurationClassPostProcessor.java:410) ~[spring-context-6.0.3.jar:6.0.3]
	at org.springframework.context.annotation.ConfigurationClassPostProcessor.postProcessBeanDefinitionRegistry(ConfigurationClassPostProcessor.java:283) ~[spring-context-6.0.3.jar:6.0.3]
	at org.springframework.context.support.PostProcessorRegistrationDelegate.invokeBeanDefinitionRegistryPostProcessors(PostProcessorRegistrationDelegate.java:344) ~[spring-context-6.0.3.jar:6.0.3]
	at org.springframework.context.support.PostProcessorRegistrationDelegate.invokeBeanFactoryPostProcessors(PostProcessorRegistrationDelegate.java:115) ~[spring-context-6.0.3.jar:6.0.3]
	at org.springframework.context.support.AbstractApplicationContext.invokeBeanFactoryPostProcessors(AbstractApplicationContext.java:745) ~[spring-context-6.0.3.jar:6.0.3]
	at org.springframework.context.support.AbstractApplicationContext.refresh(AbstractApplicationContext.java:565) ~[spring-context-6.0.3.jar:6.0.3]
	at org.springframework.boot.SpringApplication.refresh(SpringApplication.java:730) ~[spring-boot-3.0.1.jar:3.0.1]
	at org.springframework.boot.SpringApplication.refreshContext(SpringApplication.java:432) ~[spring-boot-3.0.1.jar:3.0.1]
	at org.springframework.boot.SpringApplication.run(SpringApplication.java:308) ~[spring-boot-3.0.1.jar:3.0.1]
	at org.springframework.boot.test.context.SpringBootContextLoader.lambda$loadContext$3(SpringBootContextLoader.java:137) ~[spring-boot-test-3.0.1.jar:3.0.1]
	at org.springframework.util.function.ThrowingSupplier.get(ThrowingSupplier.java:59) ~[spring-core-6.0.3.jar:6.0.3]
	at org.springframework.util.function.ThrowingSupplier.get(ThrowingSupplier.java:47) ~[spring-core-6.0.3.jar:6.0.3]
	at org.springframework.boot.SpringApplication.withHook(SpringApplication.java:1386) ~[spring-boot-3.0.1.jar:3.0.1]
	at org.springframework.boot.test.context.SpringBootContextLoader$ContextLoaderHook.run(SpringBootContextLoader.java:543) ~[spring-boot-test-3.0.1.jar:3.0.1]
	at org.springframework.boot.test.context.SpringBootContextLoader.loadContext(SpringBootContextLoader.java:137) ~[spring-boot-test-3.0.1.jar:3.0.1]
	at org.springframework.boot.test.context.SpringBootContextLoader.loadContext(SpringBootContextLoader.java:108) ~[spring-boot-test-3.0.1.jar:3.0.1]
	at org.springframework.test.context.cache.DefaultCacheAwareContextLoaderDelegate.loadContextInternal(DefaultCacheAwareContextLoaderDelegate.java:184) ~[spring-test-6.0.3.jar:6.0.3]
	at org.springframework.test.context.cache.DefaultCacheAwareContextLoaderDelegate.loadContext(DefaultCacheAwareContextLoaderDelegate.java:118) ~[spring-test-6.0.3.jar:6.0.3]
	at org.springframework.test.context.support.DefaultTestContext.getApplicationContext(DefaultTestContext.java:127) ~[spring-test-6.0.3.jar:6.0.3]
	at org.springframework.test.context.web.ServletTestExecutionListener.setUpRequestContextIfNecessary(ServletTestExecutionListener.java:191) ~[spring-test-6.0.3.jar:6.0.3]
	at org.springframework.test.context.web.ServletTestExecutionListener.prepareTestInstance(ServletTestExecutionListener.java:130) ~[spring-test-6.0.3.jar:6.0.3]
	at org.springframework.test.context.TestContextManager.prepareTestInstance(TestContextManager.java:241) ~[spring-test-6.0.3.jar:6.0.3]
	at org.springframework.test.context.junit.jupiter.SpringExtension.postProcessTestInstance(SpringExtension.java:138) ~[spring-test-6.0.3.jar:6.0.3]
	at org.junit.jupiter.engine.descriptor.ClassBasedTestDescriptor.lambda$invokeTestInstancePostProcessors$10(ClassBasedTestDescriptor.java:377) ~[junit-jupiter-engine-5.9.1.jar:5.9.1]
	at org.junit.jupiter.engine.descriptor.ClassBasedTestDescriptor.executeAndMaskThrowable(ClassBasedTestDescriptor.java:382) ~[junit-jupiter-engine-5.9.1.jar:5.9.1]
	at org.junit.jupiter.engine.descriptor.ClassBasedTestDescriptor.lambda$invokeTestInstancePostProcessors$11(ClassBasedTestDescriptor.java:377) ~[junit-jupiter-engine-5.9.1.jar:5.9.1]
	at java.base/java.util.stream.ReferencePipeline$3$1.accept(ReferencePipeline.java:197) ~[na:na]
	at java.base/java.util.stream.ReferencePipeline$2$1.accept(ReferencePipeline.java:179) ~[na:na]
	at java.base/java.util.ArrayList$ArrayListSpliterator.forEachRemaining(ArrayList.java:1625) ~[na:na]
	at java.base/java.util.stream.AbstractPipeline.copyInto(AbstractPipeline.java:509) ~[na:na]
	at java.base/java.util.stream.AbstractPipeline.wrapAndCopyInto(AbstractPipeline.java:499) ~[na:na]
	at java.base/java.util.stream.StreamSpliterators$WrappingSpliterator.forEachRemaining(StreamSpliterators.java:310) ~[na:na]
	at java.base/java.util.stream.Streams$ConcatSpliterator.forEachRemaining(Streams.java:735) ~[na:na]
	at java.base/java.util.stream.Streams$ConcatSpliterator.forEachRemaining(Streams.java:734) ~[na:na]
	at java.base/java.util.stream.ReferencePipeline$Head.forEach(ReferencePipeline.java:762) ~[na:na]
	at org.junit.jupiter.engine.descriptor.ClassBasedTestDescriptor.invokeTestInstancePostProcessors(ClassBasedTestDescriptor.java:376) ~[junit-jupiter-engine-5.9.1.jar:5.9.1]
	at org.junit.jupiter.engine.descriptor.ClassBasedTestDescriptor.lambda$instantiateAndPostProcessTestInstance$6(ClassBasedTestDescriptor.java:289) ~[junit-jupiter-engine-5.9.1.jar:5.9.1]
	at org.junit.platform.engine.support.hierarchical.ThrowableCollector.execute(ThrowableCollector.java:73) ~[junit-platform-engine-1.9.1.jar:1.9.1]
	at org.junit.jupiter.engine.descriptor.ClassBasedTestDescriptor.instantiateAndPostProcessTestInstance(ClassBasedTestDescriptor.java:288) ~[junit-jupiter-engine-5.9.1.jar:5.9.1]
	at org.junit.jupiter.engine.descriptor.ClassBasedTestDescriptor.lambda$testInstancesProvider$4(ClassBasedTestDescriptor.java:278) ~[junit-jupiter-engine-5.9.1.jar:5.9.1]
	at java.base/java.util.Optional.orElseGet(Optional.java:364) ~[na:na]
	at org.junit.jupiter.engine.descriptor.ClassBasedTestDescriptor.lambda$testInstancesProvider$5(ClassBasedTestDescriptor.java:277) ~[junit-jupiter-engine-5.9.1.jar:5.9.1]
	at org.junit.jupiter.engine.execution.TestInstancesProvider.getTestInstances(TestInstancesProvider.java:31) ~[junit-jupiter-engine-5.9.1.jar:5.9.1]
	at org.junit.jupiter.engine.descriptor.TestMethodTestDescriptor.lambda$prepare$0(TestMethodTestDescriptor.java:105) ~[junit-jupiter-engine-5.9.1.jar:5.9.1]
	at org.junit.platform.engine.support.hierarchical.ThrowableCollector.execute(ThrowableCollector.java:73) ~[junit-platform-engine-1.9.1.jar:1.9.1]
	at org.junit.jupiter.engine.descriptor.TestMethodTestDescriptor.prepare(TestMethodTestDescriptor.java:104) ~[junit-jupiter-engine-5.9.1.jar:5.9.1]
	at org.junit.jupiter.engine.descriptor.TestMethodTestDescriptor.prepare(TestMethodTestDescriptor.java:68) ~[junit-jupiter-engine-5.9.1.jar:5.9.1]
	at org.junit.platform.engine.support.hierarchical.NodeTestTask.lambda$prepare$2(NodeTestTask.java:123) ~[junit-platform-engine-1.9.1.jar:1.9.1]
	at org.junit.platform.engine.support.hierarchical.ThrowableCollector.execute(ThrowableCollector.java:73) ~[junit-platform-engine-1.9.1.jar:1.9.1]
	at org.junit.platform.engine.support.hierarchical.NodeTestTask.prepare(NodeTestTask.java:123) ~[junit-platform-engine-1.9.1.jar:1.9.1]
	at org.junit.platform.engine.support.hierarchical.NodeTestTask.execute(NodeTestTask.java:90) ~[junit-platform-engine-1.9.1.jar:1.9.1]
	at java.base/java.util.ArrayList.forEach(ArrayList.java:1511) ~[na:na]
	at org.junit.platform.engine.support.hierarchical.SameThreadHierarchicalTestExecutorService.invokeAll(SameThreadHierarchicalTestExecutorService.java:41) ~[junit-platform-engine-1.9.1.jar:1.9.1]
	at org.junit.platform.engine.support.hierarchical.NodeTestTask.lambda$executeRecursively$6(NodeTestTask.java:155) ~[junit-platform-engine-1.9.1.jar:1.9.1]
	at org.junit.platform.engine.support.hierarchical.ThrowableCollector.execute(ThrowableCollector.java:73) ~[junit-platform-engine-1.9.1.jar:1.9.1]
	at org.junit.platform.engine.support.hierarchical.NodeTestTask.lambda$executeRecursively$8(NodeTestTask.java:141) ~[junit-platform-engine-1.9.1.jar:1.9.1]
	at org.junit.platform.engine.support.hierarchical.Node.around(Node.java:137) ~[junit-platform-engine-1.9.1.jar:1.9.1]
	at org.junit.platform.engine.support.hierarchical.NodeTestTask.lambda$executeRecursively$9(NodeTestTask.java:139) ~[junit-platform-engine-1.9.1.jar:1.9.1]
	at org.junit.platform.engine.support.hierarchical.ThrowableCollector.execute(ThrowableCollector.java:73) ~[junit-platform-engine-1.9.1.jar:1.9.1]
	at org.junit.platform.engine.support.hierarchical.NodeTestTask.executeRecursively(NodeTestTask.java:138) ~[junit-platform-engine-1.9.1.jar:1.9.1]
	at org.junit.platform.engine.support.hierarchical.NodeTestTask.execute(NodeTestTask.java:95) ~[junit-platform-engine-1.9.1.jar:1.9.1]
	at java.base/java.util.ArrayList.forEach(ArrayList.java:1511) ~[na:na]
	at org.junit.platform.engine.support.hierarchical.SameThreadHierarchicalTestExecutorService.invokeAll(SameThreadHierarchicalTestExecutorService.java:41) ~[junit-platform-engine-1.9.1.jar:1.9.1]
	at org.junit.platform.engine.support.hierarchical.NodeTestTask.lambda$executeRecursively$6(NodeTestTask.java:155) ~[junit-platform-engine-1.9.1.jar:1.9.1]
	at org.junit.platform.engine.support.hierarchical.ThrowableCollector.execute(ThrowableCollector.java:73) ~[junit-platform-engine-1.9.1.jar:1.9.1]
	at org.junit.platform.engine.support.hierarchical.NodeTestTask.lambda$executeRecursively$8(NodeTestTask.java:141) ~[junit-platform-engine-1.9.1.jar:1.9.1]
	at org.junit.platform.engine.support.hierarchical.Node.around(Node.java:137) ~[junit-platform-engine-1.9.1.jar:1.9.1]
	at org.junit.platform.engine.support.hierarchical.NodeTestTask.lambda$executeRecursively$9(NodeTestTask.java:139) ~[junit-platform-engine-1.9.1.jar:1.9.1]
	at org.junit.platform.engine.support.hierarchical.ThrowableCollector.execute(ThrowableCollector.java:73) ~[junit-platform-engine-1.9.1.jar:1.9.1]
	at org.junit.platform.engine.support.hierarchical.NodeTestTask.executeRecursively(NodeTestTask.java:138) ~[junit-platform-engine-1.9.1.jar:1.9.1]
	at org.junit.platform.engine.support.hierarchical.NodeTestTask.execute(NodeTestTask.java:95) ~[junit-platform-engine-1.9.1.jar:1.9.1]
	at org.junit.platform.engine.support.hierarchical.SameThreadHierarchicalTestExecutorService.submit(SameThreadHierarchicalTestExecutorService.java:35) ~[junit-platform-engine-1.9.1.jar:1.9.1]
	at org.junit.platform.engine.support.hierarchical.HierarchicalTestExecutor.execute(HierarchicalTestExecutor.java:57) ~[junit-platform-engine-1.9.1.jar:1.9.1]
	at org.junit.platform.engine.support.hierarchical.HierarchicalTestEngine.execute(HierarchicalTestEngine.java:54) ~[junit-platform-engine-1.9.1.jar:1.9.1]
	at org.junit.platform.launcher.core.DefaultLauncher.execute(DefaultLauncher.java:220) ~[junit-platform-launcher-1.3.1.jar:1.3.1]
	at org.junit.platform.launcher.core.DefaultLauncher.lambda$execute$6(DefaultLauncher.java:188) ~[junit-platform-launcher-1.3.1.jar:1.3.1]
	at org.junit.platform.launcher.core.DefaultLauncher.withInterceptedStreams(DefaultLauncher.java:202) ~[junit-platform-launcher-1.3.1.jar:1.3.1]
	at org.junit.platform.launcher.core.DefaultLauncher.execute(DefaultLauncher.java:181) ~[junit-platform-launcher-1.3.1.jar:1.3.1]
	at org.junit.platform.launcher.core.DefaultLauncher.execute(DefaultLauncher.java:128) ~[junit-platform-launcher-1.3.1.jar:1.3.1]
	at org.apache.maven.surefire.junitplatform.JUnitPlatformProvider.invokeAllTests(JUnitPlatformProvider.java:150) ~[surefire-junit-platform-2.22.2.jar:2.22.2]
	at org.apache.maven.surefire.junitplatform.JUnitPlatformProvider.invoke(JUnitPlatformProvider.java:124) ~[surefire-junit-platform-2.22.2.jar:2.22.2]
	at org.apache.maven.surefire.booter.ForkedBooter.invokeProviderInSameClassLoader(ForkedBooter.java:384) ~[surefire-booter-2.22.2.jar:2.22.2]
	at org.apache.maven.surefire.booter.ForkedBooter.runSuitesInProcess(ForkedBooter.java:345) ~[surefire-booter-2.22.2.jar:2.22.2]
	at org.apache.maven.surefire.booter.ForkedBooter.execute(ForkedBooter.java:126) ~[surefire-booter-2.22.2.jar:2.22.2]
	at org.apache.maven.surefire.booter.ForkedBooter.main(ForkedBooter.java:418) ~[surefire-booter-2.22.2.jar:2.22.2]
Caused by: java.lang.ClassNotFoundException: javax.servlet.http.HttpServletRequest
	at java.base/jdk.internal.loader.BuiltinClassLoader.loadClass(BuiltinClassLoader.java:641) ~[na:na]
	at java.base/jdk.internal.loader.ClassLoaders$AppClassLoader.loadClass(ClassLoaders.java:188) ~[na:na]
	at java.base/java.lang.ClassLoader.loadClass(ClassLoader.java:520) ~[na:na]
	at java.base/java.lang.Class.forName0(Native Method) ~[na:na]
	at java.base/java.lang.Class.forName(Class.java:467) ~[na:na]
	at java.base/sun.reflect.generics.factory.CoreReflectionFactory.makeNamedType(CoreReflectionFactory.java:114) ~[na:na]
	... 104 common frames omitted

2023-09-21T20:00:24.425-03:00 ERROR 12712 --- [           main] o.s.test.context.TestContextManager      : Caught exception while allowing TestExecutionListener [org.springframework.test.context.web.ServletTestExecutionListener] to prepare test instance [com.cielo.desafio01.Desafio01ApplicationTests@3b705be7]

java.lang.IllegalStateException: Failed to load ApplicationContext for [WebMergedContextConfiguration@38830ea testClass = com.cielo.desafio01.Desafio01ApplicationTests, locations = [], classes = [com.cielo.desafio01.Desafio01Application], contextInitializerClasses = [], activeProfiles = [], propertySourceLocations = [], propertySourceProperties = ["org.springframework.boot.test.context.SpringBootTestContextBootstrapper=true"], contextCustomizers = [org.springframework.boot.test.context.filter.ExcludeFilterContextCustomizer@3e2059ae, org.springframework.boot.test.json.DuplicateJsonObjectContextCustomizerFactory$DuplicateJsonObjectContextCustomizer@4fbe37eb, org.springframework.boot.test.mock.mockito.MockitoContextCustomizer@0, org.springframework.boot.test.web.client.TestRestTemplateContextCustomizer@b83a9be, org.springframework.boot.test.autoconfigure.actuate.observability.ObservabilityContextCustomizerFactory$DisableObservabilityContextCustomizer@9da1, org.springframework.boot.test.autoconfigure.properties.PropertyMappingContextCustomizer@0, org.springframework.boot.test.autoconfigure.web.servlet.WebDriverContextCustomizerFactory$Customizer@4eaf3684, org.springframework.boot.test.context.SpringBootTestAnnotation@1b7d210c], resourceBasePath = "src/main/webapp", contextLoader = org.springframework.boot.test.context.SpringBootContextLoader, parent = null]
	at org.springframework.test.context.cache.DefaultCacheAwareContextLoaderDelegate.loadContext(DefaultCacheAwareContextLoaderDelegate.java:142) ~[spring-test-6.0.3.jar:6.0.3]
	at org.springframework.test.context.support.DefaultTestContext.getApplicationContext(DefaultTestContext.java:127) ~[spring-test-6.0.3.jar:6.0.3]
	at org.springframework.test.context.web.ServletTestExecutionListener.setUpRequestContextIfNecessary(ServletTestExecutionListener.java:191) ~[spring-test-6.0.3.jar:6.0.3]
	at org.springframework.test.context.web.ServletTestExecutionListener.prepareTestInstance(ServletTestExecutionListener.java:130) ~[spring-test-6.0.3.jar:6.0.3]
	at org.springframework.test.context.TestContextManager.prepareTestInstance(TestContextManager.java:241) ~[spring-test-6.0.3.jar:6.0.3]
	at org.springframework.test.context.junit.jupiter.SpringExtension.postProcessTestInstance(SpringExtension.java:138) ~[spring-test-6.0.3.jar:6.0.3]
	at org.junit.jupiter.engine.descriptor.ClassBasedTestDescriptor.lambda$invokeTestInstancePostProcessors$10(ClassBasedTestDescriptor.java:377) ~[junit-jupiter-engine-5.9.1.jar:5.9.1]
	at org.junit.jupiter.engine.descriptor.ClassBasedTestDescriptor.executeAndMaskThrowable(ClassBasedTestDescriptor.java:382) ~[junit-jupiter-engine-5.9.1.jar:5.9.1]
	at org.junit.jupiter.engine.descriptor.ClassBasedTestDescriptor.lambda$invokeTestInstancePostProcessors$11(ClassBasedTestDescriptor.java:377) ~[junit-jupiter-engine-5.9.1.jar:5.9.1]
	at java.base/java.util.stream.ReferencePipeline$3$1.accept(ReferencePipeline.java:197) ~[na:na]
	at java.base/java.util.stream.ReferencePipeline$2$1.accept(ReferencePipeline.java:179) ~[na:na]
	at java.base/java.util.ArrayList$ArrayListSpliterator.forEachRemaining(ArrayList.java:1625) ~[na:na]
	at java.base/java.util.stream.AbstractPipeline.copyInto(AbstractPipeline.java:509) ~[na:na]
	at java.base/java.util.stream.AbstractPipeline.wrapAndCopyInto(AbstractPipeline.java:499) ~[na:na]
	at java.base/java.util.stream.StreamSpliterators$WrappingSpliterator.forEachRemaining(StreamSpliterators.java:310) ~[na:na]
	at java.base/java.util.stream.Streams$ConcatSpliterator.forEachRemaining(Streams.java:735) ~[na:na]
	at java.base/java.util.stream.Streams$ConcatSpliterator.forEachRemaining(Streams.java:734) ~[na:na]
	at java.base/java.util.stream.ReferencePipeline$Head.forEach(ReferencePipeline.java:762) ~[na:na]
	at org.junit.jupiter.engine.descriptor.ClassBasedTestDescriptor.invokeTestInstancePostProcessors(ClassBasedTestDescriptor.java:376) ~[junit-jupiter-engine-5.9.1.jar:5.9.1]
	at org.junit.jupiter.engine.descriptor.ClassBasedTestDescriptor.lambda$instantiateAndPostProcessTestInstance$6(ClassBasedTestDescriptor.java:289) ~[junit-jupiter-engine-5.9.1.jar:5.9.1]
	at org.junit.platform.engine.support.hierarchical.ThrowableCollector.execute(ThrowableCollector.java:73) ~[junit-platform-engine-1.9.1.jar:1.9.1]
	at org.junit.jupiter.engine.descriptor.ClassBasedTestDescriptor.instantiateAndPostProcessTestInstance(ClassBasedTestDescriptor.java:288) ~[junit-jupiter-engine-5.9.1.jar:5.9.1]
	at org.junit.jupiter.engine.descriptor.ClassBasedTestDescriptor.lambda$testInstancesProvider$4(ClassBasedTestDescriptor.java:278) ~[junit-jupiter-engine-5.9.1.jar:5.9.1]
	at java.base/java.util.Optional.orElseGet(Optional.java:364) ~[na:na]
	at org.junit.jupiter.engine.descriptor.ClassBasedTestDescriptor.lambda$testInstancesProvider$5(ClassBasedTestDescriptor.java:277) ~[junit-jupiter-engine-5.9.1.jar:5.9.1]
	at org.junit.jupiter.engine.execution.TestInstancesProvider.getTestInstances(TestInstancesProvider.java:31) ~[junit-jupiter-engine-5.9.1.jar:5.9.1]
	at org.junit.jupiter.engine.descriptor.TestMethodTestDescriptor.lambda$prepare$0(TestMethodTestDescriptor.java:105) ~[junit-jupiter-engine-5.9.1.jar:5.9.1]
	at org.junit.platform.engine.support.hierarchical.ThrowableCollector.execute(ThrowableCollector.java:73) ~[junit-platform-engine-1.9.1.jar:1.9.1]
	at org.junit.jupiter.engine.descriptor.TestMethodTestDescriptor.prepare(TestMethodTestDescriptor.java:104) ~[junit-jupiter-engine-5.9.1.jar:5.9.1]
	at org.junit.jupiter.engine.descriptor.TestMethodTestDescriptor.prepare(TestMethodTestDescriptor.java:68) ~[junit-jupiter-engine-5.9.1.jar:5.9.1]
	at org.junit.platform.engine.support.hierarchical.NodeTestTask.lambda$prepare$2(NodeTestTask.java:123) ~[junit-platform-engine-1.9.1.jar:1.9.1]
	at org.junit.platform.engine.support.hierarchical.ThrowableCollector.execute(ThrowableCollector.java:73) ~[junit-platform-engine-1.9.1.jar:1.9.1]
	at org.junit.platform.engine.support.hierarchical.NodeTestTask.prepare(NodeTestTask.java:123) ~[junit-platform-engine-1.9.1.jar:1.9.1]
	at org.junit.platform.engine.support.hierarchical.NodeTestTask.execute(NodeTestTask.java:90) ~[junit-platform-engine-1.9.1.jar:1.9.1]
	at java.base/java.util.ArrayList.forEach(ArrayList.java:1511) ~[na:na]
	at org.junit.platform.engine.support.hierarchical.SameThreadHierarchicalTestExecutorService.invokeAll(SameThreadHierarchicalTestExecutorService.java:41) ~[junit-platform-engine-1.9.1.jar:1.9.1]
	at org.junit.platform.engine.support.hierarchical.NodeTestTask.lambda$executeRecursively$6(NodeTestTask.java:155) ~[junit-platform-engine-1.9.1.jar:1.9.1]
	at org.junit.platform.engine.support.hierarchical.ThrowableCollector.execute(ThrowableCollector.java:73) ~[junit-platform-engine-1.9.1.jar:1.9.1]
	at org.junit.platform.engine.support.hierarchical.NodeTestTask.lambda$executeRecursively$8(NodeTestTask.java:141) ~[junit-platform-engine-1.9.1.jar:1.9.1]
	at org.junit.platform.engine.support.hierarchical.Node.around(Node.java:137) ~[junit-platform-engine-1.9.1.jar:1.9.1]
	at org.junit.platform.engine.support.hierarchical.NodeTestTask.lambda$executeRecursively$9(NodeTestTask.java:139) ~[junit-platform-engine-1.9.1.jar:1.9.1]
	at org.junit.platform.engine.support.hierarchical.ThrowableCollector.execute(ThrowableCollector.java:73) ~[junit-platform-engine-1.9.1.jar:1.9.1]
	at org.junit.platform.engine.support.hierarchical.NodeTestTask.executeRecursively(NodeTestTask.java:138) ~[junit-platform-engine-1.9.1.jar:1.9.1]
	at org.junit.platform.engine.support.hierarchical.NodeTestTask.execute(NodeTestTask.java:95) ~[junit-platform-engine-1.9.1.jar:1.9.1]
	at java.base/java.util.ArrayList.forEach(ArrayList.java:1511) ~[na:na]
	at org.junit.platform.engine.support.hierarchical.SameThreadHierarchicalTestExecutorService.invokeAll(SameThreadHierarchicalTestExecutorService.java:41) ~[junit-platform-engine-1.9.1.jar:1.9.1]
	at org.junit.platform.engine.support.hierarchical.NodeTestTask.lambda$executeRecursively$6(NodeTestTask.java:155) ~[junit-platform-engine-1.9.1.jar:1.9.1]
	at org.junit.platform.engine.support.hierarchical.ThrowableCollector.execute(ThrowableCollector.java:73) ~[junit-platform-engine-1.9.1.jar:1.9.1]
	at org.junit.platform.engine.support.hierarchical.NodeTestTask.lambda$executeRecursively$8(NodeTestTask.java:141) ~[junit-platform-engine-1.9.1.jar:1.9.1]
	at org.junit.platform.engine.support.hierarchical.Node.around(Node.java:137) ~[junit-platform-engine-1.9.1.jar:1.9.1]
	at org.junit.platform.engine.support.hierarchical.NodeTestTask.lambda$executeRecursively$9(NodeTestTask.java:139) ~[junit-platform-engine-1.9.1.jar:1.9.1]
	at org.junit.platform.engine.support.hierarchical.ThrowableCollector.execute(ThrowableCollector.java:73) ~[junit-platform-engine-1.9.1.jar:1.9.1]
	at org.junit.platform.engine.support.hierarchical.NodeTestTask.executeRecursively(NodeTestTask.java:138) ~[junit-platform-engine-1.9.1.jar:1.9.1]
	at org.junit.platform.engine.support.hierarchical.NodeTestTask.execute(NodeTestTask.java:95) ~[junit-platform-engine-1.9.1.jar:1.9.1]
	at org.junit.platform.engine.support.hierarchical.SameThreadHierarchicalTestExecutorService.submit(SameThreadHierarchicalTestExecutorService.java:35) ~[junit-platform-engine-1.9.1.jar:1.9.1]
	at org.junit.platform.engine.support.hierarchical.HierarchicalTestExecutor.execute(HierarchicalTestExecutor.java:57) ~[junit-platform-engine-1.9.1.jar:1.9.1]
	at org.junit.platform.engine.support.hierarchical.HierarchicalTestEngine.execute(HierarchicalTestEngine.java:54) ~[junit-platform-engine-1.9.1.jar:1.9.1]
	at org.junit.platform.launcher.core.DefaultLauncher.execute(DefaultLauncher.java:220) ~[junit-platform-launcher-1.3.1.jar:1.3.1]
	at org.junit.platform.launcher.core.DefaultLauncher.lambda$execute$6(DefaultLauncher.java:188) ~[junit-platform-launcher-1.3.1.jar:1.3.1]
	at org.junit.platform.launcher.core.DefaultLauncher.withInterceptedStreams(DefaultLauncher.java:202) ~[junit-platform-launcher-1.3.1.jar:1.3.1]
	at org.junit.platform.launcher.core.DefaultLauncher.execute(DefaultLauncher.java:181) ~[junit-platform-launcher-1.3.1.jar:1.3.1]
	at org.junit.platform.launcher.core.DefaultLauncher.execute(DefaultLauncher.java:128) ~[junit-platform-launcher-1.3.1.jar:1.3.1]
	at org.apache.maven.surefire.junitplatform.JUnitPlatformProvider.invokeAllTests(JUnitPlatformProvider.java:150) ~[surefire-junit-platform-2.22.2.jar:2.22.2]
	at org.apache.maven.surefire.junitplatform.JUnitPlatformProvider.invoke(JUnitPlatformProvider.java:124) ~[surefire-junit-platform-2.22.2.jar:2.22.2]
	at org.apache.maven.surefire.booter.ForkedBooter.invokeProviderInSameClassLoader(ForkedBooter.java:384) ~[surefire-booter-2.22.2.jar:2.22.2]
	at org.apache.maven.surefire.booter.ForkedBooter.runSuitesInProcess(ForkedBooter.java:345) ~[surefire-booter-2.22.2.jar:2.22.2]
	at org.apache.maven.surefire.booter.ForkedBooter.execute(ForkedBooter.java:126) ~[surefire-booter-2.22.2.jar:2.22.2]
	at org.apache.maven.surefire.booter.ForkedBooter.main(ForkedBooter.java:418) ~[surefire-booter-2.22.2.jar:2.22.2]
Caused by: java.lang.TypeNotPresentException: Type javax.servlet.http.HttpServletRequest not present
	at java.base/sun.reflect.generics.factory.CoreReflectionFactory.makeNamedType(CoreReflectionFactory.java:117) ~[na:na]
	at java.base/sun.reflect.generics.visitor.Reifier.visitClassTypeSignature(Reifier.java:125) ~[na:na]
	at java.base/sun.reflect.generics.tree.ClassTypeSignature.accept(ClassTypeSignature.java:49) ~[na:na]
	at java.base/sun.reflect.generics.visitor.Reifier.reifyTypeArguments(Reifier.java:68) ~[na:na]
	at java.base/sun.reflect.generics.visitor.Reifier.visitClassTypeSignature(Reifier.java:138) ~[na:na]
	at java.base/sun.reflect.generics.tree.ClassTypeSignature.accept(ClassTypeSignature.java:49) ~[na:na]
	at java.base/sun.reflect.generics.repository.ClassRepository.computeSuperInterfaces(ClassRepository.java:117) ~[na:na]
	at java.base/sun.reflect.generics.repository.ClassRepository.getSuperInterfaces(ClassRepository.java:95) ~[na:na]
	at java.base/java.lang.Class.getGenericInterfaces(Class.java:1211) ~[na:na]
	at org.springframework.core.ResolvableType.getInterfaces(ResolvableType.java:500) ~[spring-core-6.0.3.jar:6.0.3]
	at org.springframework.core.ResolvableType.as(ResolvableType.java:448) ~[spring-core-6.0.3.jar:6.0.3]
	at org.springframework.core.ResolvableType.forClass(ResolvableType.java:1048) ~[spring-core-6.0.3.jar:6.0.3]
	at org.springframework.plugin.core.config.PluginRegistriesBeanDefinitionRegistrar.getTargetType(PluginRegistriesBeanDefinitionRegistrar.java:101) ~[spring-plugin-core-2.0.0.RELEASE.jar:2.0.0.RELEASE]
	at org.springframework.plugin.core.config.PluginRegistriesBeanDefinitionRegistrar.registerBeanDefinitions(PluginRegistriesBeanDefinitionRegistrar.java:71) ~[spring-plugin-core-2.0.0.RELEASE.jar:2.0.0.RELEASE]
	at org.springframework.context.annotation.ImportBeanDefinitionRegistrar.registerBeanDefinitions(ImportBeanDefinitionRegistrar.java:86) ~[spring-context-6.0.3.jar:6.0.3]
	at org.springframework.context.annotation.ConfigurationClassBeanDefinitionReader.lambda$loadBeanDefinitionsFromRegistrars$1(ConfigurationClassBeanDefinitionReader.java:373) ~[spring-context-6.0.3.jar:6.0.3]
	at java.base/java.util.LinkedHashMap.forEach(LinkedHashMap.java:721) ~[na:na]
	at org.springframework.context.annotation.ConfigurationClassBeanDefinitionReader.loadBeanDefinitionsFromRegistrars(ConfigurationClassBeanDefinitionReader.java:372) ~[spring-context-6.0.3.jar:6.0.3]
	at org.springframework.context.annotation.ConfigurationClassBeanDefinitionReader.loadBeanDefinitionsForConfigurationClass(ConfigurationClassBeanDefinitionReader.java:148) ~[spring-context-6.0.3.jar:6.0.3]
	at org.springframework.context.annotation.ConfigurationClassBeanDefinitionReader.loadBeanDefinitions(ConfigurationClassBeanDefinitionReader.java:120) ~[spring-context-6.0.3.jar:6.0.3]
	at org.springframework.context.annotation.ConfigurationClassPostProcessor.processConfigBeanDefinitions(ConfigurationClassPostProcessor.java:410) ~[spring-context-6.0.3.jar:6.0.3]
	at org.springframework.context.annotation.ConfigurationClassPostProcessor.postProcessBeanDefinitionRegistry(ConfigurationClassPostProcessor.java:283) ~[spring-context-6.0.3.jar:6.0.3]
	at org.springframework.context.support.PostProcessorRegistrationDelegate.invokeBeanDefinitionRegistryPostProcessors(PostProcessorRegistrationDelegate.java:344) ~[spring-context-6.0.3.jar:6.0.3]
	at org.springframework.context.support.PostProcessorRegistrationDelegate.invokeBeanFactoryPostProcessors(PostProcessorRegistrationDelegate.java:115) ~[spring-context-6.0.3.jar:6.0.3]
	at org.springframework.context.support.AbstractApplicationContext.invokeBeanFactoryPostProcessors(AbstractApplicationContext.java:745) ~[spring-context-6.0.3.jar:6.0.3]
	at org.springframework.context.support.AbstractApplicationContext.refresh(AbstractApplicationContext.java:565) ~[spring-context-6.0.3.jar:6.0.3]
	at org.springframework.boot.SpringApplication.refresh(SpringApplication.java:730) ~[spring-boot-3.0.1.jar:3.0.1]
	at org.springframework.boot.SpringApplication.refreshContext(SpringApplication.java:432) ~[spring-boot-3.0.1.jar:3.0.1]
	at org.springframework.boot.SpringApplication.run(SpringApplication.java:308) ~[spring-boot-3.0.1.jar:3.0.1]
	at org.springframework.boot.test.context.SpringBootContextLoader.lambda$loadContext$3(SpringBootContextLoader.java:137) ~[spring-boot-test-3.0.1.jar:3.0.1]
	at org.springframework.util.function.ThrowingSupplier.get(ThrowingSupplier.java:59) ~[spring-core-6.0.3.jar:6.0.3]
	at org.springframework.util.function.ThrowingSupplier.get(ThrowingSupplier.java:47) ~[spring-core-6.0.3.jar:6.0.3]
	at org.springframework.boot.SpringApplication.withHook(SpringApplication.java:1386) ~[spring-boot-3.0.1.jar:3.0.1]
	at org.springframework.boot.test.context.SpringBootContextLoader$ContextLoaderHook.run(SpringBootContextLoader.java:543) ~[spring-boot-test-3.0.1.jar:3.0.1]
	at org.springframework.boot.test.context.SpringBootContextLoader.loadContext(SpringBootContextLoader.java:137) ~[spring-boot-test-3.0.1.jar:3.0.1]
	at org.springframework.boot.test.context.SpringBootContextLoader.loadContext(SpringBootContextLoader.java:108) ~[spring-boot-test-3.0.1.jar:3.0.1]
	at org.springframework.test.context.cache.DefaultCacheAwareContextLoaderDelegate.loadContextInternal(DefaultCacheAwareContextLoaderDelegate.java:184) ~[spring-test-6.0.3.jar:6.0.3]
	at org.springframework.test.context.cache.DefaultCacheAwareContextLoaderDelegate.loadContext(DefaultCacheAwareContextLoaderDelegate.java:118) ~[spring-test-6.0.3.jar:6.0.3]
	... 67 common frames omitted
Caused by: java.lang.ClassNotFoundException: javax.servlet.http.HttpServletRequest
	at java.base/jdk.internal.loader.BuiltinClassLoader.loadClass(BuiltinClassLoader.java:641) ~[na:na]
	at java.base/jdk.internal.loader.ClassLoaders$AppClassLoader.loadClass(ClassLoaders.java:188) ~[na:na]
	at java.base/java.lang.ClassLoader.loadClass(ClassLoader.java:520) ~[na:na]
	at java.base/java.lang.Class.forName0(Native Method) ~[na:na]
	at java.base/java.lang.Class.forName(Class.java:467) ~[na:na]
	at java.base/sun.reflect.generics.factory.CoreReflectionFactory.makeNamedType(CoreReflectionFactory.java:114) ~[na:na]
	... 104 common frames omitted

]]></system-out>
    <system-err><![CDATA[


============================
CONDITIONS EVALUATION REPORT
============================


Positive matches:
-----------------

    None


Negative matches:
-----------------

    None


Exclusions:
-----------

    None


Unconditional classes:
----------------------

    None



]]></system-err>
  </testcase>
</testsuite>